
> rest-express@1.0.0 dev
> cross-env NODE_ENV=development tsx server/index.ts

[dotenv@17.2.3] injecting env (5) from .env.local -- tip: 📡 add observability to secrets: https://dotenvx.com/ops
[DB] Using postgresql://postgres:****@localhost:5432/cityconnectdesk
[DB] Host: localhost  Database: cityconnectdesk
[DB] URL present: true length: 63
8:18:48 AM [web] [DB] Schema guard OK
8:18:48 AM [web] serving on port 5000
[DEV REQUEST] GET / Accept:text/x-vite-ping
[DEV REQUEST] GET /auth Accept:text/html,application/xhtml+xml,application/xml;q=0.9,image/avif,image/webp,image/apng,*/*;q=0.8,application/signed-exchange;v=b3;q=0.7
[DEV REQUEST] GET /.well-known/appspecific/com.chrome.devtools.json Accept:
[DEV REQUEST] GET /src/main.tsx?v=UyjnA8k1Wgz863I5uohlL Accept:*/*
[DEV REQUEST] GET /@vite/client Accept:*/*
[DEV REQUEST] GET /@fs/C:/Users/Admin/OneDrive/Documents/CityConnectDesk%20new/CityConnectDesk/node_modules/vite/dist/client/env.mjs Accept:*/*
[DEV REQUEST] GET /@react-refresh Accept:*/*
[DEV REQUEST] GET /src/App.tsx?v=UyjnA8k1Wgz863I5uohlL Accept:*/*
[DEV REQUEST] GET /src/lib/queryClient.ts Accept:*/*
[DEV REQUEST] GET /src/components/ui/tooltip.tsx Accept:*/*
[DEV REQUEST] GET /src/index.css?v=UyjnA8k1Wgz863I5uohlL Accept:*/*
[DEV REQUEST] GET /src/pages/landing-page.tsx Accept:*/*
[DEV REQUEST] GET /src/pages/auth-page.tsx Accept:*/*
[DEV REQUEST] GET /src/components/ui/toaster.tsx Accept:*/*
[DEV REQUEST] GET /src/pages/resident-dashboard.tsx Accept:*/*
[DEV REQUEST] GET /src/pages/provider-dashboard.tsx Accept:*/*
[DEV REQUEST] GET /src/pages/provider-company-registration.tsx Accept:*/*
[DEV REQUEST] GET /src/pages/admin-super-dashboard.tsx Accept:*/*
[DEV REQUEST] GET /src/pages/provider-store-items.tsx Accept:*/*
[DEV REQUEST] GET /src/pages/admin-dashboard.tsx Accept:*/*
[DEV REQUEST] GET /src/hooks/use-auth.tsx Accept:*/*
[DEV REQUEST] GET /src/lib/protected-route.tsx Accept:*/*
[DEV REQUEST] GET /src/pages/book-artisan.tsx Accept:*/*
[DEV REQUEST] GET /src/pages/book-market-run.tsx Accept:*/*
[DEV REQUEST] GET /src/pages/track-orders.tsx Accept:*/*
[DEV REQUEST] GET /src/pages/not-found.tsx Accept:*/*
[DEV REQUEST] GET /src/lib/utils.ts Accept:*/*
[DEV REQUEST] GET /src/components/ui/button.tsx Accept:*/*
[DEV REQUEST] GET /src/components/ui/card.tsx Accept:*/*
[DEV REQUEST] GET /src/components/ui/input.tsx Accept:*/*
[DEV REQUEST] GET /src/components/ui/password-input.tsx Accept:*/*
[DEV REQUEST] GET /src/components/ui/tabs.tsx Accept:*/*
[DEV REQUEST] GET /src/components/ui/separator.tsx Accept:*/*
[DEV REQUEST] GET /src/components/ui/form.tsx Accept:*/*
[DEV REQUEST] GET /src/hooks/use-toast.ts Accept:*/*
[DEV REQUEST] GET /src/components/ui/toast.tsx Accept:*/*
[DEV REQUEST] GET /src/components/ui/badge.tsx Accept:*/*
[DEV REQUEST] GET /src/components/ui/sheet.tsx Accept:*/*
[DEV REQUEST] GET /src/components/ui/dialog.tsx Accept:*/*
[DEV REQUEST] GET /src/components/ui/label.tsx Accept:*/*
[DEV REQUEST] GET /src/components/ui/textarea.tsx Accept:*/*
[DEV REQUEST] GET /src/components/ui/collapsible.tsx Accept:*/*
[DEV REQUEST] GET /src/components/ui/switch.tsx Accept:*/*
[DEV REQUEST] GET /src/lib/adminApi.ts Accept:*/*
[DEV REQUEST] GET /@fs/C:/Users/Admin/OneDrive/Documents/CityConnectDesk%20new/CityConnectDesk/shared/schema.ts Accept:*/*
[DEV REQUEST] GET /src/lib/residentApi.ts Accept:*/*
[DEV REQUEST] GET /@fs/C:/Users/Admin/OneDrive/Documents/CityConnectDesk%20new/CityConnectDesk/shared/admin-schema.ts Accept:*/*
[DEV REQUEST] GET /src/components/admin/ArtisanRequestsPanel.tsx Accept:*/*
[DEV REQUEST] GET /src/components/ui/table.tsx Accept:*/*
[DEV REQUEST] GET /src/components/ui/popover.tsx Accept:*/*
[DEV REQUEST] GET /src/components/ui/checkbox.tsx Accept:*/*
[DEV REQUEST] GET /src/components/ui/scroll-area.tsx Accept:*/*
[DEV REQUEST] GET /src/components/ui/select.tsx Accept:*/*
[DEV REQUEST] GET /@fs/C:/Users/Admin/OneDrive/Documents/CityConnectDesk%20new/CityConnectDesk/node_modules/.vite/deps/react_jsx-dev-runtime.js.map Accept:
[DEV REQUEST] GET /@fs/C:/Users/Admin/OneDrive/Documents/CityConnectDesk%20new/CityConnectDesk/node_modules/.vite/deps/chunk-QCHXOAYK.js.map Accept:
[DEV REQUEST] GET /@fs/C:/Users/Admin/OneDrive/Documents/CityConnectDesk%20new/CityConnectDesk/node_modules/.vite/deps/chunk-WOOG5QLI.js.map Accept:
[DEV REQUEST] GET /@fs/C:/Users/Admin/OneDrive/Documents/CityConnectDesk%20new/CityConnectDesk/node_modules/.vite/deps/react-dom_client.js.map Accept:
[DEV REQUEST] GET /@fs/C:/Users/Admin/OneDrive/Documents/CityConnectDesk%20new/CityConnectDesk/node_modules/.vite/deps/chunk-RPCDYKBN.js.map Accept:
[DEV REQUEST] GET /@fs/C:/Users/Admin/OneDrive/Documents/CityConnectDesk%20new/CityConnectDesk/node_modules/.vite/deps/wouter.js.map Accept:
[DEV REQUEST] GET /@fs/C:/Users/Admin/OneDrive/Documents/CityConnectDesk%20new/CityConnectDesk/node_modules/.vite/deps/@tanstack_react-query.js.map Accept:
[DEV REQUEST] GET /@fs/C:/Users/Admin/OneDrive/Documents/CityConnectDesk%20new/CityConnectDesk/node_modules/.vite/deps/chunk-KBTYAULA.js.map Accept:
[DEV REQUEST] GET /@fs/C:/Users/Admin/OneDrive/Documents/CityConnectDesk%20new/CityConnectDesk/node_modules/.vite/deps/react.js.map Accept:
[DEV REQUEST] GET /@fs/C:/Users/Admin/OneDrive/Documents/CityConnectDesk%20new/CityConnectDesk/node_modules/.vite/deps/@radix-ui_react-toast.js.map Accept:
[DEV REQUEST] GET /@fs/C:/Users/Admin/OneDrive/Documents/CityConnectDesk%20new/CityConnectDesk/node_modules/.vite/deps/chunk-HQYEOXEV.js.map Accept:
8:19:03 AM [web] GET /api/user 304 in 21ms :: {"id":"c110c6c0-f752-4a2d-9170-0b1615a035d6","name...
8:19:03 AM [web] GET /api/companies 200 in 27ms :: [{"id":"d8226711-7c3a-4a25-b099-7ac54644c6b7"...
[DEV REQUEST] GET /@fs/C:/Users/Admin/OneDrive/Documents/CityConnectDesk%20new/CityConnectDesk/node_modules/.vite/deps/chunk-S34NKWM7.js.map Accept:
[DEV REQUEST] GET /@fs/C:/Users/Admin/OneDrive/Documents/CityConnectDesk%20new/CityConnectDesk/node_modules/.vite/deps/chunk-EVLBUYTV.js.map Accept:
[DEV REQUEST] GET /@fs/C:/Users/Admin/OneDrive/Documents/CityConnectDesk%20new/CityConnectDesk/node_modules/.vite/deps/chunk-R5YVGTHA.js.map Accept:
[DEV REQUEST] GET /@fs/C:/Users/Admin/OneDrive/Documents/CityConnectDesk%20new/CityConnectDesk/node_modules/.vite/deps/chunk-BOL2CCOG.js.map Accept:
[DEV REQUEST] GET /@fs/C:/Users/Admin/OneDrive/Documents/CityConnectDesk%20new/CityConnectDesk/node_modules/.vite/deps/chunk-K3ALYHUQ.js.map Accept:
[DEV REQUEST] GET /@fs/C:/Users/Admin/OneDrive/Documents/CityConnectDesk%20new/CityConnectDesk/node_modules/.vite/deps/chunk-B7WSUEX4.js.map Accept:
[DEV REQUEST] GET /@fs/C:/Users/Admin/OneDrive/Documents/CityConnectDesk%20new/CityConnectDesk/node_modules/.vite/deps/chunk-INQXXDYO.js.map Accept:
[DEV REQUEST] GET /@fs/C:/Users/Admin/OneDrive/Documents/CityConnectDesk%20new/CityConnectDesk/node_modules/.vite/deps/class-variance-authority.js.map Accept:
[DEV REQUEST] GET /@fs/C:/Users/Admin/OneDrive/Documents/CityConnectDesk%20new/CityConnectDesk/node_modules/.vite/deps/chunk-U7P2NEEE.js.map Accept:
[DEV REQUEST] GET /@fs/C:/Users/Admin/OneDrive/Documents/CityConnectDesk%20new/CityConnectDesk/node_modules/.vite/deps/lucide-react.js.map Accept:
[DEV REQUEST] GET /@fs/C:/Users/Admin/OneDrive/Documents/CityConnectDesk%20new/CityConnectDesk/node_modules/.vite/deps/clsx.js.map Accept:
[DEV REQUEST] GET /@fs/C:/Users/Admin/OneDrive/Documents/CityConnectDesk%20new/CityConnectDesk/node_modules/.vite/deps/tailwind-merge.js.map Accept:
[DEV REQUEST] GET /@fs/C:/Users/Admin/OneDrive/Documents/CityConnectDesk%20new/CityConnectDesk/node_modules/.vite/deps/@radix-ui_react-tooltip.js.map Accept:
[DEV REQUEST] GET /@fs/C:/Users/Admin/OneDrive/Documents/CityConnectDesk%20new/CityConnectDesk/node_modules/.vite/deps/chunk-A5GOC4LA.js.map Accept:
[DEV REQUEST] GET /@fs/C:/Users/Admin/OneDrive/Documents/CityConnectDesk%20new/CityConnectDesk/node_modules/.vite/deps/chunk-3ZATYDQH.js.map Accept:
[DEV REQUEST] GET /@fs/C:/Users/Admin/OneDrive/Documents/CityConnectDesk%20new/CityConnectDesk/node_modules/.vite/deps/chunk-EM3JYNSQ.js.map Accept:
[DEV REQUEST] GET /@fs/C:/Users/Admin/OneDrive/Documents/CityConnectDesk%20new/CityConnectDesk/node_modules/.vite/deps/drizzle-orm.js.map Accept:
[DEV REQUEST] GET /@fs/C:/Users/Admin/OneDrive/Documents/CityConnectDesk%20new/CityConnectDesk/node_modules/.vite/deps/chunk-B62XNPVF.js.map Accept:
[DEV REQUEST] GET /@fs/C:/Users/Admin/OneDrive/Documents/CityConnectDesk%20new/CityConnectDesk/node_modules/.vite/deps/chunk-37IGQLUV.js.map Accept:
[DEV REQUEST] GET /@fs/C:/Users/Admin/OneDrive/Documents/CityConnectDesk%20new/CityConnectDesk/node_modules/.vite/deps/drizzle-orm_pg-core.js.map Accept:
[DEV REQUEST] GET /@fs/C:/Users/Admin/OneDrive/Documents/CityConnectDesk%20new/CityConnectDesk/node_modules/.vite/deps/drizzle-zod.js.map Accept:
[DEV REQUEST] GET /@fs/C:/Users/Admin/OneDrive/Documents/CityConnectDesk%20new/CityConnectDesk/node_modules/.vite/deps/chunk-WGQNECLP.js.map Accept:
[DEV REQUEST] GET /@fs/C:/Users/Admin/OneDrive/Documents/CityConnectDesk%20new/CityConnectDesk/node_modules/.vite/deps/zod.js.map Accept:
[DEV REQUEST] GET /@fs/C:/Users/Admin/OneDrive/Documents/CityConnectDesk%20new/CityConnectDesk/node_modules/.vite/deps/react-hook-form.js.map Accept:
[DEV REQUEST] GET /@fs/C:/Users/Admin/OneDrive/Documents/CityConnectDesk%20new/CityConnectDesk/node_modules/.vite/deps/chunk-4BFJKWC4.js.map Accept:
[DEV REQUEST] GET /@fs/C:/Users/Admin/OneDrive/Documents/CityConnectDesk%20new/CityConnectDesk/node_modules/.vite/deps/@hookform_resolvers_zod.js.map Accept:
[DEV REQUEST] GET /@fs/C:/Users/Admin/OneDrive/Documents/CityConnectDesk%20new/CityConnectDesk/node_modules/.vite/deps/@radix-ui_react-slot.js.map Accept:
[DEV REQUEST] GET /@fs/C:/Users/Admin/OneDrive/Documents/CityConnectDesk%20new/CityConnectDesk/node_modules/.vite/deps/@radix-ui_react-label.js.map Accept:
[DEV REQUEST] GET /@fs/C:/Users/Admin/OneDrive/Documents/CityConnectDesk%20new/CityConnectDesk/node_modules/.vite/deps/@radix-ui_react-select.js.map Accept:
[DEV REQUEST] GET /@fs/C:/Users/Admin/OneDrive/Documents/CityConnectDesk%20new/CityConnectDesk/node_modules/.vite/deps/chunk-6ZMM2PAV.js.map Accept:
[DEV REQUEST] GET /@fs/C:/Users/Admin/OneDrive/Documents/CityConnectDesk%20new/CityConnectDesk/node_modules/.vite/deps/chunk-4RO2SXZU.js.map Accept:
[DEV REQUEST] GET /@fs/C:/Users/Admin/OneDrive/Documents/CityConnectDesk%20new/CityConnectDesk/node_modules/.vite/deps/chunk-43G6IMPT.js.map Accept:
[DEV REQUEST] GET /@fs/C:/Users/Admin/OneDrive/Documents/CityConnectDesk%20new/CityConnectDesk/node_modules/.vite/deps/chunk-MQM2T74V.js.map Accept:
[DEV REQUEST] GET /@fs/C:/Users/Admin/OneDrive/Documents/CityConnectDesk%20new/CityConnectDesk/node_modules/.vite/deps/@radix-ui_react-dialog.js.map Accept:
[DEV REQUEST] GET /@fs/C:/Users/Admin/OneDrive/Documents/CityConnectDesk%20new/CityConnectDesk/node_modules/.vite/deps/@radix-ui_react-popover.js.map Accept:
[DEV REQUEST] GET /@fs/C:/Users/Admin/OneDrive/Documents/CityConnectDesk%20new/CityConnectDesk/node_modules/.vite/deps/@radix-ui_react-checkbox.js.map Accept:
[DEV REQUEST] GET /@fs/C:/Users/Admin/OneDrive/Documents/CityConnectDesk%20new/CityConnectDesk/node_modules/.vite/deps/@radix-ui_react-scroll-area.js.map Accept:
[DEV REQUEST] GET /@fs/C:/Users/Admin/OneDrive/Documents/CityConnectDesk%20new/CityConnectDesk/node_modules/.vite/deps/framer-motion.js.map Accept:
[DEV REQUEST] GET /@fs/C:/Users/Admin/OneDrive/Documents/CityConnectDesk%20new/CityConnectDesk/node_modules/.vite/deps/@radix-ui_react-tabs.js.map Accept:
[DEV REQUEST] GET /@fs/C:/Users/Admin/OneDrive/Documents/CityConnectDesk%20new/CityConnectDesk/node_modules/.vite/deps/@radix-ui_react-separator.js.map Accept:
[DEV REQUEST] GET /@fs/C:/Users/Admin/OneDrive/Documents/CityConnectDesk%20new/CityConnectDesk/node_modules/.vite/deps/@radix-ui_react-collapsible.js.map Accept:
[DEV REQUEST] GET /@fs/C:/Users/Admin/OneDrive/Documents/CityConnectDesk%20new/CityConnectDesk/node_modules/.vite/deps/@radix-ui_react-switch.js.map Accept:
[admin] users list request {
  requester: 'c110c6c0-f752-4a2d-9170-0b1615a035d6',
  role: undefined,
  search: undefined
}
8:19:03 AM [web] GET /api/admin/users/all 304 in 21ms :: [{"id":"5d9c2019-b4b2-4a22-aa6c-61a1f74...
8:19:04 AM [web] GET /api/service-requests 200 in 20ms :: []
8:19:04 AM [web] GET /api/admin/providers/pending 200 in 17ms :: [{"id":"0009a8fa-380f-48fe-9171...
8:19:04 AM [web] GET /api/admin/dashboard/stats 304 in 50ms :: {"totalUsers":0,"totalProviders":...
[admin] users list request {
  requester: 'c110c6c0-f752-4a2d-9170-0b1615a035d6',
  role: undefined,
  search: undefined
}
8:19:09 AM [web] GET /api/admin/users/all 304 in 12ms :: [{"id":"5d9c2019-b4b2-4a22-aa6c-61a1f74...
8:19:09 AM [web] GET /api/service-requests 304 in 15ms :: []
8:19:09 AM [web] GET /api/admin/providers/pending 304 in 13ms :: [{"id":"0009a8fa-380f-48fe-9171...
[admin] users list request {
  requester: 'c110c6c0-f752-4a2d-9170-0b1615a035d6',
  role: undefined,
  search: undefined
}
8:19:14 AM [web] GET /api/admin/users/all 304 in 7ms :: [{"id":"5d9c2019-b4b2-4a22-aa6c-61a1f74e...
8:19:14 AM [web] GET /api/service-requests 304 in 6ms :: []
8:19:14 AM [web] GET /api/admin/providers/pending 304 in 6ms :: [{"id":"0009a8fa-380f-48fe-9171-...
[admin] users list request {
  requester: 'c110c6c0-f752-4a2d-9170-0b1615a035d6',
  role: undefined,
  search: undefined
}
8:19:19 AM [web] GET /api/admin/users/all 304 in 18ms :: [{"id":"5d9c2019-b4b2-4a22-aa6c-61a1f74...
8:19:19 AM [web] GET /api/service-requests 304 in 20ms :: []
8:19:19 AM [web] GET /api/admin/providers/pending 304 in 16ms :: [{"id":"0009a8fa-380f-48fe-9171...
[admin] users list request {
  requester: 'c110c6c0-f752-4a2d-9170-0b1615a035d6',
  role: undefined,
  search: undefined
}
8:19:24 AM [web] GET /api/admin/users/all 304 in 24ms :: [{"id":"5d9c2019-b4b2-4a22-aa6c-61a1f74...
8:19:24 AM [web] GET /api/service-requests 304 in 22ms :: []
8:19:24 AM [web] GET /api/admin/providers/pending 304 in 104ms :: [{"id":"0009a8fa-380f-48fe-917...
[DEV REQUEST] GET /providers Accept:text/html,application/xhtml+xml,application/xml;q=0.9,image/avif,image/webp,image/apng,*/*;q=0.8,application/signed-exchange;v=b3;q=0.7
[DEV REQUEST] GET /.well-known/appspecific/com.chrome.devtools.json Accept:
[DEV REQUEST] GET /@vite/client Accept:*/*
[DEV REQUEST] GET /src/main.tsx?v=-zl_4UrW3SwLOKe1c4hus Accept:*/*
[DEV REQUEST] GET /@react-refresh Accept:*/*
[DEV REQUEST] GET /src/App.tsx?v=-zl_4UrW3SwLOKe1c4hus Accept:*/*
[DEV REQUEST] GET /src/index.css?v=-zl_4UrW3SwLOKe1c4hus Accept:*/*
[DEV REQUEST] GET /@fs/C:/Users/Admin/OneDrive/Documents/CityConnectDesk%20new/CityConnectDesk/node_modules/vite/dist/client/env.mjs Accept:*/*
[DEV REQUEST] GET /src/lib/queryClient.ts Accept:*/*
[DEV REQUEST] GET /src/components/ui/toaster.tsx Accept:*/*
[DEV REQUEST] GET /src/hooks/use-auth.tsx Accept:*/*
[DEV REQUEST] GET /src/lib/protected-route.tsx Accept:*/*
[DEV REQUEST] GET /src/pages/admin-super-dashboard.tsx Accept:*/*
[DEV REQUEST] GET /src/pages/landing-page.tsx Accept:*/*
[DEV REQUEST] GET /src/pages/auth-page.tsx Accept:*/*
[DEV REQUEST] GET /src/pages/resident-dashboard.tsx Accept:*/*
[DEV REQUEST] GET /src/pages/provider-dashboard.tsx Accept:*/*
[DEV REQUEST] GET /src/pages/provider-company-registration.tsx Accept:*/*
[DEV REQUEST] GET /src/pages/provider-store-items.tsx Accept:*/*
[DEV REQUEST] GET /src/pages/admin-dashboard.tsx Accept:*/*
[DEV REQUEST] GET /src/pages/book-artisan.tsx Accept:*/*
[DEV REQUEST] GET /src/pages/book-market-run.tsx Accept:*/*
[DEV REQUEST] GET /src/pages/track-orders.tsx Accept:*/*
[DEV REQUEST] GET /src/pages/not-found.tsx Accept:*/*
[DEV REQUEST] GET /src/hooks/use-toast.ts Accept:*/*
[DEV REQUEST] GET /src/components/ui/toast.tsx Accept:*/*
[DEV REQUEST] GET /@fs/C:/Users/Admin/OneDrive/Documents/CityConnectDesk%20new/CityConnectDesk/shared/schema.ts Accept:*/*
[DEV REQUEST] GET /src/components/ui/button.tsx Accept:*/*
[DEV REQUEST] GET /src/components/ui/card.tsx Accept:*/*
[DEV REQUEST] GET /src/components/ui/input.tsx Accept:*/*
[DEV REQUEST] GET /src/components/ui/password-input.tsx Accept:*/*
[DEV REQUEST] GET /src/components/ui/select.tsx Accept:*/*
[DEV REQUEST] GET /src/components/ui/separator.tsx Accept:*/*
[DEV REQUEST] GET /src/components/ui/tabs.tsx Accept:*/*
[DEV REQUEST] GET /src/components/ui/form.tsx Accept:*/*
[DEV REQUEST] GET /src/components/ui/badge.tsx Accept:*/*
[DEV REQUEST] GET /src/components/ui/sheet.tsx Accept:*/*
[DEV REQUEST] GET /src/lib/adminApi.ts Accept:*/*
[DEV REQUEST] GET /src/components/ui/tooltip.tsx Accept:*/*
[DEV REQUEST] GET /@fs/C:/Users/Admin/OneDrive/Documents/CityConnectDesk%20new/CityConnectDesk/shared/admin-schema.ts Accept:*/*
[DEV REQUEST] GET /src/components/ui/label.tsx Accept:*/*
[DEV REQUEST] GET /src/components/ui/textarea.tsx Accept:*/*
[DEV REQUEST] GET /src/components/admin/ArtisanRequestsPanel.tsx Accept:*/*
[DEV REQUEST] GET /src/components/ui/table.tsx Accept:*/*
[DEV REQUEST] GET /src/components/ui/dialog.tsx Accept:*/*
[DEV REQUEST] GET /src/components/ui/popover.tsx Accept:*/*
[DEV REQUEST] GET /src/components/ui/checkbox.tsx Accept:*/*
[DEV REQUEST] GET /src/components/ui/scroll-area.tsx Accept:*/*
[DEV REQUEST] GET /src/components/ui/collapsible.tsx Accept:*/*
[DEV REQUEST] GET /src/components/ui/switch.tsx Accept:*/*
[DEV REQUEST] GET /src/lib/residentApi.ts Accept:*/*
[DEV REQUEST] GET /src/lib/utils.ts Accept:*/*
[DEV REQUEST] GET /@fs/C:/Users/Admin/OneDrive/Documents/CityConnectDesk%20new/CityConnectDesk/node_modules/.vite/deps/react_jsx-dev-runtime.js.map Accept:
[DEV REQUEST] GET /@fs/C:/Users/Admin/OneDrive/Documents/CityConnectDesk%20new/CityConnectDesk/node_modules/.vite/deps/chunk-QCHXOAYK.js.map Accept:
[DEV REQUEST] GET /@fs/C:/Users/Admin/OneDrive/Documents/CityConnectDesk%20new/CityConnectDesk/node_modules/.vite/deps/chunk-WOOG5QLI.js.map Accept:
[DEV REQUEST] GET /@fs/C:/Users/Admin/OneDrive/Documents/CityConnectDesk%20new/CityConnectDesk/node_modules/.vite/deps/react-dom_client.js.map Accept:
[DEV REQUEST] GET /@fs/C:/Users/Admin/OneDrive/Documents/CityConnectDesk%20new/CityConnectDesk/node_modules/.vite/deps/chunk-RPCDYKBN.js.map Accept:
[DEV REQUEST] GET /@fs/C:/Users/Admin/OneDrive/Documents/CityConnectDesk%20new/CityConnectDesk/node_modules/.vite/deps/wouter.js.map Accept:
[DEV REQUEST] GET /@fs/C:/Users/Admin/OneDrive/Documents/CityConnectDesk%20new/CityConnectDesk/node_modules/.vite/deps/@tanstack_react-query.js.map Accept:
[DEV REQUEST] GET /@fs/C:/Users/Admin/OneDrive/Documents/CityConnectDesk%20new/CityConnectDesk/node_modules/.vite/deps/react.js.map Accept:
[DEV REQUEST] GET /@fs/C:/Users/Admin/OneDrive/Documents/CityConnectDesk%20new/CityConnectDesk/node_modules/.vite/deps/@radix-ui_react-toast.js.map Accept:
8:19:28 AM [web] GET /api/user 304 in 89ms :: {"id":"c110c6c0-f752-4a2d-9170-0b1615a035d6","name...
[DEV REQUEST] GET /@fs/C:/Users/Admin/OneDrive/Documents/CityConnectDesk%20new/CityConnectDesk/node_modules/.vite/deps/chunk-HQYEOXEV.js.map Accept:
[DEV REQUEST] GET /@fs/C:/Users/Admin/OneDrive/Documents/CityConnectDesk%20new/CityConnectDesk/node_modules/.vite/deps/chunk-EVLBUYTV.js.map Accept:
[DEV REQUEST] GET /@fs/C:/Users/Admin/OneDrive/Documents/CityConnectDesk%20new/CityConnectDesk/node_modules/.vite/deps/chunk-R5YVGTHA.js.map Accept:
[DEV REQUEST] GET /@fs/C:/Users/Admin/OneDrive/Documents/CityConnectDesk%20new/CityConnectDesk/node_modules/.vite/deps/chunk-BOL2CCOG.js.map Accept:
[DEV REQUEST] GET /@fs/C:/Users/Admin/OneDrive/Documents/CityConnectDesk%20new/CityConnectDesk/node_modules/.vite/deps/chunk-K3ALYHUQ.js.map Accept:
[DEV REQUEST] GET /@fs/C:/Users/Admin/OneDrive/Documents/CityConnectDesk%20new/CityConnectDesk/node_modules/.vite/deps/chunk-B7WSUEX4.js.map Accept:
[DEV REQUEST] GET /@fs/C:/Users/Admin/OneDrive/Documents/CityConnectDesk%20new/CityConnectDesk/node_modules/.vite/deps/chunk-INQXXDYO.js.map Accept:
[DEV REQUEST] GET /@fs/C:/Users/Admin/OneDrive/Documents/CityConnectDesk%20new/CityConnectDesk/node_modules/.vite/deps/class-variance-authority.js.map Accept:
[DEV REQUEST] GET /@fs/C:/Users/Admin/OneDrive/Documents/CityConnectDesk%20new/CityConnectDesk/node_modules/.vite/deps/chunk-U7P2NEEE.js.map Accept:
[DEV REQUEST] GET /@fs/C:/Users/Admin/OneDrive/Documents/CityConnectDesk%20new/CityConnectDesk/node_modules/.vite/deps/lucide-react.js.map Accept:
[DEV REQUEST] GET /@fs/C:/Users/Admin/OneDrive/Documents/CityConnectDesk%20new/CityConnectDesk/node_modules/.vite/deps/clsx.js.map Accept:
[DEV REQUEST] GET /@fs/C:/Users/Admin/OneDrive/Documents/CityConnectDesk%20new/CityConnectDesk/node_modules/.vite/deps/tailwind-merge.js.map Accept:
[DEV REQUEST] GET /@fs/C:/Users/Admin/OneDrive/Documents/CityConnectDesk%20new/CityConnectDesk/node_modules/.vite/deps/@radix-ui_react-tooltip.js.map Accept:
[DEV REQUEST] GET /@fs/C:/Users/Admin/OneDrive/Documents/CityConnectDesk%20new/CityConnectDesk/node_modules/.vite/deps/chunk-KBTYAULA.js.map Accept:
[DEV REQUEST] GET /@fs/C:/Users/Admin/OneDrive/Documents/CityConnectDesk%20new/CityConnectDesk/node_modules/.vite/deps/chunk-A5GOC4LA.js.map Accept:
[DEV REQUEST] GET /@fs/C:/Users/Admin/OneDrive/Documents/CityConnectDesk%20new/CityConnectDesk/node_modules/.vite/deps/chunk-3ZATYDQH.js.map Accept:
[DEV REQUEST] GET /@fs/C:/Users/Admin/OneDrive/Documents/CityConnectDesk%20new/CityConnectDesk/node_modules/.vite/deps/chunk-EM3JYNSQ.js.map Accept:
[DEV REQUEST] GET /@fs/C:/Users/Admin/OneDrive/Documents/CityConnectDesk%20new/CityConnectDesk/node_modules/.vite/deps/drizzle-orm.js.map Accept:
[DEV REQUEST] GET /@fs/C:/Users/Admin/OneDrive/Documents/CityConnectDesk%20new/CityConnectDesk/node_modules/.vite/deps/chunk-B62XNPVF.js.map Accept:
[DEV REQUEST] GET /@fs/C:/Users/Admin/OneDrive/Documents/CityConnectDesk%20new/CityConnectDesk/node_modules/.vite/deps/chunk-37IGQLUV.js.map Accept:
[DEV REQUEST] GET /@fs/C:/Users/Admin/OneDrive/Documents/CityConnectDesk%20new/CityConnectDesk/node_modules/.vite/deps/drizzle-orm_pg-core.js.map Accept:
[DEV REQUEST] GET /@fs/C:/Users/Admin/OneDrive/Documents/CityConnectDesk%20new/CityConnectDesk/node_modules/.vite/deps/drizzle-zod.js.map Accept:
[DEV REQUEST] GET /@fs/C:/Users/Admin/OneDrive/Documents/CityConnectDesk%20new/CityConnectDesk/node_modules/.vite/deps/chunk-S34NKWM7.js.map Accept:
[DEV REQUEST] GET /@fs/C:/Users/Admin/OneDrive/Documents/CityConnectDesk%20new/CityConnectDesk/node_modules/.vite/deps/chunk-WGQNECLP.js.map Accept:
[DEV REQUEST] GET /@fs/C:/Users/Admin/OneDrive/Documents/CityConnectDesk%20new/CityConnectDesk/node_modules/.vite/deps/zod.js.map Accept:
[DEV REQUEST] GET /@fs/C:/Users/Admin/OneDrive/Documents/CityConnectDesk%20new/CityConnectDesk/node_modules/.vite/deps/react-hook-form.js.map Accept:
[DEV REQUEST] GET /@fs/C:/Users/Admin/OneDrive/Documents/CityConnectDesk%20new/CityConnectDesk/node_modules/.vite/deps/chunk-4BFJKWC4.js.map Accept:
[DEV REQUEST] GET /@fs/C:/Users/Admin/OneDrive/Documents/CityConnectDesk%20new/CityConnectDesk/node_modules/.vite/deps/@hookform_resolvers_zod.js.map Accept:
[DEV REQUEST] GET /@fs/C:/Users/Admin/OneDrive/Documents/CityConnectDesk%20new/CityConnectDesk/node_modules/.vite/deps/@radix-ui_react-slot.js.map Accept:
[DEV REQUEST] GET /@fs/C:/Users/Admin/OneDrive/Documents/CityConnectDesk%20new/CityConnectDesk/node_modules/.vite/deps/@radix-ui_react-select.js.map Accept:
[DEV REQUEST] GET /@fs/C:/Users/Admin/OneDrive/Documents/CityConnectDesk%20new/CityConnectDesk/node_modules/.vite/deps/chunk-6ZMM2PAV.js.map Accept:
[DEV REQUEST] GET /@fs/C:/Users/Admin/OneDrive/Documents/CityConnectDesk%20new/CityConnectDesk/node_modules/.vite/deps/chunk-4RO2SXZU.js.map Accept:
[DEV REQUEST] GET /@fs/C:/Users/Admin/OneDrive/Documents/CityConnectDesk%20new/CityConnectDesk/node_modules/.vite/deps/chunk-43G6IMPT.js.map Accept:
[DEV REQUEST] GET /@fs/C:/Users/Admin/OneDrive/Documents/CityConnectDesk%20new/CityConnectDesk/node_modules/.vite/deps/chunk-MQM2T74V.js.map Accept:
[DEV REQUEST] GET /@fs/C:/Users/Admin/OneDrive/Documents/CityConnectDesk%20new/CityConnectDesk/node_modules/.vite/deps/@radix-ui_react-dialog.js.map Accept:
[DEV REQUEST] GET /@fs/C:/Users/Admin/OneDrive/Documents/CityConnectDesk%20new/CityConnectDesk/node_modules/.vite/deps/@radix-ui_react-popover.js.map Accept:
[DEV REQUEST] GET /@fs/C:/Users/Admin/OneDrive/Documents/CityConnectDesk%20new/CityConnectDesk/node_modules/.vite/deps/@radix-ui_react-checkbox.js.map Accept:
[DEV REQUEST] GET /@fs/C:/Users/Admin/OneDrive/Documents/CityConnectDesk%20new/CityConnectDesk/node_modules/.vite/deps/@radix-ui_react-scroll-area.js.map Accept:
[DEV REQUEST] GET /@fs/C:/Users/Admin/OneDrive/Documents/CityConnectDesk%20new/CityConnectDesk/node_modules/.vite/deps/framer-motion.js.map Accept:
[DEV REQUEST] GET /@fs/C:/Users/Admin/OneDrive/Documents/CityConnectDesk%20new/CityConnectDesk/node_modules/.vite/deps/@radix-ui_react-tabs.js.map Accept:
[DEV REQUEST] GET /@fs/C:/Users/Admin/OneDrive/Documents/CityConnectDesk%20new/CityConnectDesk/node_modules/.vite/deps/@radix-ui_react-separator.js.map Accept:
[DEV REQUEST] GET /@fs/C:/Users/Admin/OneDrive/Documents/CityConnectDesk%20new/CityConnectDesk/node_modules/.vite/deps/@radix-ui_react-collapsible.js.map Accept:
[DEV REQUEST] GET /@fs/C:/Users/Admin/OneDrive/Documents/CityConnectDesk%20new/CityConnectDesk/node_modules/.vite/deps/@radix-ui_react-switch.js.map Accept:
[DEV REQUEST] GET /@fs/C:/Users/Admin/OneDrive/Documents/CityConnectDesk%20new/CityConnectDesk/node_modules/.vite/deps/@radix-ui_react-label.js.map Accept:
[DEV REQUEST] GET /provider Accept:text/html,application/xhtml+xml,application/xml;q=0.9,image/avif,image/webp,image/apng,*/*;q=0.8,application/signed-exchange;v=b3;q=0.7
[DEV REQUEST] GET /.well-known/appspecific/com.chrome.devtools.json Accept:
[DEV REQUEST] GET /@vite/client Accept:*/*
[DEV REQUEST] GET /src/main.tsx?v=d3FihCjsiSOPN6t7ihNJF Accept:*/*
[DEV REQUEST] GET /@react-refresh Accept:*/*
[DEV REQUEST] GET /src/App.tsx?v=d3FihCjsiSOPN6t7ihNJF Accept:*/*
[DEV REQUEST] GET /src/index.css?v=d3FihCjsiSOPN6t7ihNJF Accept:*/*
[DEV REQUEST] GET /@fs/C:/Users/Admin/OneDrive/Documents/CityConnectDesk%20new/CityConnectDesk/node_modules/vite/dist/client/env.mjs Accept:*/*
[DEV REQUEST] GET /src/lib/queryClient.ts Accept:*/*
[DEV REQUEST] GET /src/components/ui/toaster.tsx Accept:*/*
[DEV REQUEST] GET /src/components/ui/tooltip.tsx Accept:*/*
[DEV REQUEST] GET /src/hooks/use-auth.tsx Accept:*/*
[DEV REQUEST] GET /src/lib/protected-route.tsx Accept:*/*
[DEV REQUEST] GET /src/pages/admin-super-dashboard.tsx Accept:*/*
[DEV REQUEST] GET /src/pages/landing-page.tsx Accept:*/*
[DEV REQUEST] GET /src/pages/auth-page.tsx Accept:*/*
[DEV REQUEST] GET /src/pages/resident-dashboard.tsx Accept:*/*
[DEV REQUEST] GET /src/pages/provider-dashboard.tsx Accept:*/*
[DEV REQUEST] GET /src/pages/provider-company-registration.tsx Accept:*/*
[DEV REQUEST] GET /src/pages/provider-store-items.tsx Accept:*/*
[DEV REQUEST] GET /src/pages/admin-dashboard.tsx Accept:*/*
[DEV REQUEST] GET /src/pages/book-artisan.tsx Accept:*/*
[DEV REQUEST] GET /src/pages/track-orders.tsx Accept:*/*
[DEV REQUEST] GET /src/pages/book-market-run.tsx Accept:*/*
[DEV REQUEST] GET /src/pages/not-found.tsx Accept:*/*
[DEV REQUEST] GET /src/hooks/use-toast.ts Accept:*/*
[DEV REQUEST] GET /src/components/ui/toast.tsx Accept:*/*
[DEV REQUEST] GET /src/lib/utils.ts Accept:*/*
[DEV REQUEST] GET /@fs/C:/Users/Admin/OneDrive/Documents/CityConnectDesk%20new/CityConnectDesk/shared/schema.ts Accept:*/*
[DEV REQUEST] GET /src/components/ui/button.tsx Accept:*/*
[DEV REQUEST] GET /src/components/ui/card.tsx Accept:*/*
[DEV REQUEST] GET /src/components/ui/select.tsx Accept:*/*
[DEV REQUEST] GET /src/components/ui/tabs.tsx Accept:*/*
[DEV REQUEST] GET /src/components/ui/separator.tsx Accept:*/*
[DEV REQUEST] GET /src/components/ui/form.tsx Accept:*/*
[DEV REQUEST] GET /src/components/ui/badge.tsx Accept:*/*
[DEV REQUEST] GET /src/components/ui/sheet.tsx Accept:*/*
[DEV REQUEST] GET /src/components/ui/dialog.tsx Accept:*/*
[DEV REQUEST] GET /src/components/ui/label.tsx Accept:*/*
[DEV REQUEST] GET /src/components/ui/textarea.tsx Accept:*/*
[DEV REQUEST] GET /src/lib/adminApi.ts Accept:*/*
[DEV REQUEST] GET /@fs/C:/Users/Admin/OneDrive/Documents/CityConnectDesk%20new/CityConnectDesk/shared/admin-schema.ts Accept:*/*
[DEV REQUEST] GET /src/components/admin/ArtisanRequestsPanel.tsx Accept:*/*
[DEV REQUEST] GET /src/components/ui/table.tsx Accept:*/*
[DEV REQUEST] GET /src/components/ui/popover.tsx Accept:*/*
[DEV REQUEST] GET /src/components/ui/checkbox.tsx Accept:*/*
[DEV REQUEST] GET /src/components/ui/scroll-area.tsx Accept:*/*
[DEV REQUEST] GET /src/components/ui/collapsible.tsx Accept:*/*
[DEV REQUEST] GET /src/components/ui/switch.tsx Accept:*/*
[DEV REQUEST] GET /src/lib/residentApi.ts Accept:*/*
[DEV REQUEST] GET /src/components/ui/input.tsx Accept:*/*
[DEV REQUEST] GET /src/components/ui/password-input.tsx Accept:*/*
[DEV REQUEST] GET /@fs/C:/Users/Admin/OneDrive/Documents/CityConnectDesk%20new/CityConnectDesk/node_modules/.vite/deps/react_jsx-dev-runtime.js.map Accept:
[DEV REQUEST] GET /@fs/C:/Users/Admin/OneDrive/Documents/CityConnectDesk%20new/CityConnectDesk/node_modules/.vite/deps/chunk-QCHXOAYK.js.map Accept:
[DEV REQUEST] GET /@fs/C:/Users/Admin/OneDrive/Documents/CityConnectDesk%20new/CityConnectDesk/node_modules/.vite/deps/chunk-WOOG5QLI.js.map Accept:
[DEV REQUEST] GET /@fs/C:/Users/Admin/OneDrive/Documents/CityConnectDesk%20new/CityConnectDesk/node_modules/.vite/deps/react-dom_client.js.map Accept:
[DEV REQUEST] GET /@fs/C:/Users/Admin/OneDrive/Documents/CityConnectDesk%20new/CityConnectDesk/node_modules/.vite/deps/chunk-RPCDYKBN.js.map Accept:
[DEV REQUEST] GET /@fs/C:/Users/Admin/OneDrive/Documents/CityConnectDesk%20new/CityConnectDesk/node_modules/.vite/deps/wouter.js.map Accept:
[DEV REQUEST] GET /@fs/C:/Users/Admin/OneDrive/Documents/CityConnectDesk%20new/CityConnectDesk/node_modules/.vite/deps/@tanstack_react-query.js.map Accept:
[DEV REQUEST] GET /@fs/C:/Users/Admin/OneDrive/Documents/CityConnectDesk%20new/CityConnectDesk/node_modules/.vite/deps/chunk-KBTYAULA.js.map Accept:
8:19:33 AM [web] GET /api/user 304 in 15ms :: {"id":"c110c6c0-f752-4a2d-9170-0b1615a035d6","name...
[DEV REQUEST] GET /@fs/C:/Users/Admin/OneDrive/Documents/CityConnectDesk%20new/CityConnectDesk/node_modules/.vite/deps/react.js.map Accept:
[DEV REQUEST] GET /@fs/C:/Users/Admin/OneDrive/Documents/CityConnectDesk%20new/CityConnectDesk/node_modules/.vite/deps/@radix-ui_react-toast.js.map Accept:
[DEV REQUEST] GET /@fs/C:/Users/Admin/OneDrive/Documents/CityConnectDesk%20new/CityConnectDesk/node_modules/.vite/deps/chunk-HQYEOXEV.js.map Accept:
[DEV REQUEST] GET /@fs/C:/Users/Admin/OneDrive/Documents/CityConnectDesk%20new/CityConnectDesk/node_modules/.vite/deps/chunk-S34NKWM7.js.map Accept:
[DEV REQUEST] GET /@fs/C:/Users/Admin/OneDrive/Documents/CityConnectDesk%20new/CityConnectDesk/node_modules/.vite/deps/chunk-EVLBUYTV.js.map Accept:
[DEV REQUEST] GET /@fs/C:/Users/Admin/OneDrive/Documents/CityConnectDesk%20new/CityConnectDesk/node_modules/.vite/deps/chunk-R5YVGTHA.js.map Accept:
[DEV REQUEST] GET /@fs/C:/Users/Admin/OneDrive/Documents/CityConnectDesk%20new/CityConnectDesk/node_modules/.vite/deps/chunk-BOL2CCOG.js.map Accept:
[DEV REQUEST] GET /@fs/C:/Users/Admin/OneDrive/Documents/CityConnectDesk%20new/CityConnectDesk/node_modules/.vite/deps/chunk-K3ALYHUQ.js.map Accept:
[DEV REQUEST] GET /@fs/C:/Users/Admin/OneDrive/Documents/CityConnectDesk%20new/CityConnectDesk/node_modules/.vite/deps/chunk-B7WSUEX4.js.map Accept:
[DEV REQUEST] GET /@fs/C:/Users/Admin/OneDrive/Documents/CityConnectDesk%20new/CityConnectDesk/node_modules/.vite/deps/chunk-INQXXDYO.js.map Accept:
[DEV REQUEST] GET /@fs/C:/Users/Admin/OneDrive/Documents/CityConnectDesk%20new/CityConnectDesk/node_modules/.vite/deps/class-variance-authority.js.map Accept:
[DEV REQUEST] GET /@fs/C:/Users/Admin/OneDrive/Documents/CityConnectDesk%20new/CityConnectDesk/node_modules/.vite/deps/chunk-U7P2NEEE.js.map Accept:
[DEV REQUEST] GET /@fs/C:/Users/Admin/OneDrive/Documents/CityConnectDesk%20new/CityConnectDesk/node_modules/.vite/deps/lucide-react.js.map Accept:
[DEV REQUEST] GET /@fs/C:/Users/Admin/OneDrive/Documents/CityConnectDesk%20new/CityConnectDesk/node_modules/.vite/deps/clsx.js.map Accept:
[DEV REQUEST] GET /@fs/C:/Users/Admin/OneDrive/Documents/CityConnectDesk%20new/CityConnectDesk/node_modules/.vite/deps/tailwind-merge.js.map Accept:
[DEV REQUEST] GET /@fs/C:/Users/Admin/OneDrive/Documents/CityConnectDesk%20new/CityConnectDesk/node_modules/.vite/deps/@radix-ui_react-tooltip.js.map Accept:
[DEV REQUEST] GET /@fs/C:/Users/Admin/OneDrive/Documents/CityConnectDesk%20new/CityConnectDesk/node_modules/.vite/deps/chunk-A5GOC4LA.js.map Accept:
[DEV REQUEST] GET /@fs/C:/Users/Admin/OneDrive/Documents/CityConnectDesk%20new/CityConnectDesk/node_modules/.vite/deps/chunk-3ZATYDQH.js.map Accept:
[DEV REQUEST] GET /@fs/C:/Users/Admin/OneDrive/Documents/CityConnectDesk%20new/CityConnectDesk/node_modules/.vite/deps/chunk-EM3JYNSQ.js.map Accept:
[DEV REQUEST] GET /@fs/C:/Users/Admin/OneDrive/Documents/CityConnectDesk%20new/CityConnectDesk/node_modules/.vite/deps/drizzle-orm.js.map Accept:
[DEV REQUEST] GET /@fs/C:/Users/Admin/OneDrive/Documents/CityConnectDesk%20new/CityConnectDesk/node_modules/.vite/deps/chunk-B62XNPVF.js.map Accept:
[DEV REQUEST] GET /@fs/C:/Users/Admin/OneDrive/Documents/CityConnectDesk%20new/CityConnectDesk/node_modules/.vite/deps/chunk-37IGQLUV.js.map Accept:
[DEV REQUEST] GET /@fs/C:/Users/Admin/OneDrive/Documents/CityConnectDesk%20new/CityConnectDesk/node_modules/.vite/deps/drizzle-orm_pg-core.js.map Accept:
[DEV REQUEST] GET /@fs/C:/Users/Admin/OneDrive/Documents/CityConnectDesk%20new/CityConnectDesk/node_modules/.vite/deps/drizzle-zod.js.map Accept:
[DEV REQUEST] GET /@fs/C:/Users/Admin/OneDrive/Documents/CityConnectDesk%20new/CityConnectDesk/node_modules/.vite/deps/chunk-WGQNECLP.js.map Accept:
[DEV REQUEST] GET /@fs/C:/Users/Admin/OneDrive/Documents/CityConnectDesk%20new/CityConnectDesk/node_modules/.vite/deps/zod.js.map Accept:
[DEV REQUEST] GET /@fs/C:/Users/Admin/OneDrive/Documents/CityConnectDesk%20new/CityConnectDesk/node_modules/.vite/deps/react-hook-form.js.map Accept:
[DEV REQUEST] GET /@fs/C:/Users/Admin/OneDrive/Documents/CityConnectDesk%20new/CityConnectDesk/node_modules/.vite/deps/chunk-4BFJKWC4.js.map Accept:
[DEV REQUEST] GET /@fs/C:/Users/Admin/OneDrive/Documents/CityConnectDesk%20new/CityConnectDesk/node_modules/.vite/deps/@hookform_resolvers_zod.js.map Accept:
[DEV REQUEST] GET /@fs/C:/Users/Admin/OneDrive/Documents/CityConnectDesk%20new/CityConnectDesk/node_modules/.vite/deps/@radix-ui_react-slot.js.map Accept:
[DEV REQUEST] GET /@fs/C:/Users/Admin/OneDrive/Documents/CityConnectDesk%20new/CityConnectDesk/node_modules/.vite/deps/@radix-ui_react-label.js.map Accept:
[DEV REQUEST] GET /@fs/C:/Users/Admin/OneDrive/Documents/CityConnectDesk%20new/CityConnectDesk/node_modules/.vite/deps/@radix-ui_react-select.js.map Accept:
[DEV REQUEST] GET /@fs/C:/Users/Admin/OneDrive/Documents/CityConnectDesk%20new/CityConnectDesk/node_modules/.vite/deps/chunk-6ZMM2PAV.js.map Accept:
[DEV REQUEST] GET /@fs/C:/Users/Admin/OneDrive/Documents/CityConnectDesk%20new/CityConnectDesk/node_modules/.vite/deps/chunk-4RO2SXZU.js.map Accept:
[DEV REQUEST] GET /@fs/C:/Users/Admin/OneDrive/Documents/CityConnectDesk%20new/CityConnectDesk/node_modules/.vite/deps/chunk-43G6IMPT.js.map Accept:
[DEV REQUEST] GET /@fs/C:/Users/Admin/OneDrive/Documents/CityConnectDesk%20new/CityConnectDesk/node_modules/.vite/deps/chunk-MQM2T74V.js.map Accept:
[DEV REQUEST] GET /@fs/C:/Users/Admin/OneDrive/Documents/CityConnectDesk%20new/CityConnectDesk/node_modules/.vite/deps/@radix-ui_react-dialog.js.map Accept:
[DEV REQUEST] GET /@fs/C:/Users/Admin/OneDrive/Documents/CityConnectDesk%20new/CityConnectDesk/node_modules/.vite/deps/@radix-ui_react-popover.js.map Accept:
[DEV REQUEST] GET /@fs/C:/Users/Admin/OneDrive/Documents/CityConnectDesk%20new/CityConnectDesk/node_modules/.vite/deps/@radix-ui_react-checkbox.js.map Accept:
8:19:33 AM [web] GET /api/provider/stores 401 in 20ms :: {"error":"Unauthorized. Provider access...
8:19:33 AM [web] GET /api/service-requests 200 in 24ms :: []
8:19:33 AM [web] GET /api/service-requests 304 in 24ms :: []
[DEV REQUEST] GET /@fs/C:/Users/Admin/OneDrive/Documents/CityConnectDesk%20new/CityConnectDesk/node_modules/.vite/deps/@radix-ui_react-scroll-area.js.map Accept:
[DEV REQUEST] GET /@fs/C:/Users/Admin/OneDrive/Documents/CityConnectDesk%20new/CityConnectDesk/node_modules/.vite/deps/framer-motion.js.map Accept:
[DEV REQUEST] GET /@fs/C:/Users/Admin/OneDrive/Documents/CityConnectDesk%20new/CityConnectDesk/node_modules/.vite/deps/@radix-ui_react-tabs.js.map Accept:
[DEV REQUEST] GET /@fs/C:/Users/Admin/OneDrive/Documents/CityConnectDesk%20new/CityConnectDesk/node_modules/.vite/deps/@radix-ui_react-separator.js.map Accept:
[DEV REQUEST] GET /@fs/C:/Users/Admin/OneDrive/Documents/CityConnectDesk%20new/CityConnectDesk/node_modules/.vite/deps/@radix-ui_react-collapsible.js.map Accept:
[DEV REQUEST] GET /@fs/C:/Users/Admin/OneDrive/Documents/CityConnectDesk%20new/CityConnectDesk/node_modules/.vite/deps/@radix-ui_react-switch.js.map Accept:
8:19:38 AM [web] POST /api/logout 200 in 15ms
8:19:38 AM [web] GET /api/companies 304 in 6ms :: [{"id":"d8226711-7c3a-4a25-b099-7ac54644c6b7",...
[DEV REQUEST] GET /auth Accept:text/html,application/xhtml+xml,application/xml;q=0.9,image/avif,image/webp,image/apng,*/*;q=0.8,application/signed-exchange;v=b3;q=0.7
[DEV REQUEST] GET /.well-known/appspecific/com.chrome.devtools.json Accept:
[DEV REQUEST] GET /@vite/client Accept:*/*
[DEV REQUEST] GET /src/main.tsx?v=m6r9uUSY__vQZVfZVF77E Accept:*/*
[DEV REQUEST] GET /@fs/C:/Users/Admin/OneDrive/Documents/CityConnectDesk%20new/CityConnectDesk/node_modules/vite/dist/client/env.mjs Accept:*/*
[DEV REQUEST] GET /src/App.tsx?v=m6r9uUSY__vQZVfZVF77E Accept:*/*
[DEV REQUEST] GET /src/index.css?v=m6r9uUSY__vQZVfZVF77E Accept:*/*
[DEV REQUEST] GET /src/lib/queryClient.ts Accept:*/*
[DEV REQUEST] GET /src/components/ui/tooltip.tsx Accept:*/*
[DEV REQUEST] GET /src/hooks/use-auth.tsx Accept:*/*
[DEV REQUEST] GET /src/lib/protected-route.tsx Accept:*/*
[DEV REQUEST] GET /src/pages/admin-super-dashboard.tsx Accept:*/*
[DEV REQUEST] GET /src/pages/landing-page.tsx Accept:*/*
[DEV REQUEST] GET /src/pages/auth-page.tsx Accept:*/*
[DEV REQUEST] GET /src/pages/resident-dashboard.tsx Accept:*/*
[DEV REQUEST] GET /@react-refresh Accept:*/*
[DEV REQUEST] GET /src/pages/provider-dashboard.tsx Accept:*/*
[DEV REQUEST] GET /src/pages/provider-company-registration.tsx Accept:*/*
[DEV REQUEST] GET /src/pages/provider-store-items.tsx Accept:*/*
[DEV REQUEST] GET /src/pages/admin-dashboard.tsx Accept:*/*
[DEV REQUEST] GET /src/pages/book-artisan.tsx Accept:*/*
[DEV REQUEST] GET /src/pages/book-market-run.tsx Accept:*/*
[DEV REQUEST] GET /src/pages/track-orders.tsx Accept:*/*
[DEV REQUEST] GET /src/pages/not-found.tsx Accept:*/*
[DEV REQUEST] GET /src/lib/utils.ts Accept:*/*
[DEV REQUEST] GET /@fs/C:/Users/Admin/OneDrive/Documents/CityConnectDesk%20new/CityConnectDesk/shared/schema.ts Accept:*/*
[DEV REQUEST] GET /src/hooks/use-toast.ts Accept:*/*
[DEV REQUEST] GET /src/components/ui/button.tsx Accept:*/*
[DEV REQUEST] GET /src/components/ui/card.tsx Accept:*/*
[DEV REQUEST] GET /src/components/ui/input.tsx Accept:*/*
[DEV REQUEST] GET /src/components/ui/password-input.tsx Accept:*/*
[DEV REQUEST] GET /src/components/ui/select.tsx Accept:*/*
[DEV REQUEST] GET /src/components/ui/tabs.tsx Accept:*/*
[DEV REQUEST] GET /src/components/ui/separator.tsx Accept:*/*
[DEV REQUEST] GET /src/components/ui/form.tsx Accept:*/*
[DEV REQUEST] GET /src/components/ui/badge.tsx Accept:*/*
[DEV REQUEST] GET /src/components/ui/sheet.tsx Accept:*/*
[DEV REQUEST] GET /src/components/ui/dialog.tsx Accept:*/*
[DEV REQUEST] GET /src/components/ui/label.tsx Accept:*/*
[DEV REQUEST] GET /src/components/ui/textarea.tsx Accept:*/*
[DEV REQUEST] GET /src/components/ui/collapsible.tsx Accept:*/*
[DEV REQUEST] GET /src/components/ui/switch.tsx Accept:*/*
[DEV REQUEST] GET /src/lib/adminApi.ts Accept:*/*
[DEV REQUEST] GET /src/lib/residentApi.ts Accept:*/*
[DEV REQUEST] GET /src/components/ui/toaster.tsx Accept:*/*
[DEV REQUEST] GET /@fs/C:/Users/Admin/OneDrive/Documents/CityConnectDesk%20new/CityConnectDesk/shared/admin-schema.ts Accept:*/*
[DEV REQUEST] GET /src/components/admin/ArtisanRequestsPanel.tsx Accept:*/*
[DEV REQUEST] GET /src/components/ui/table.tsx Accept:*/*
[DEV REQUEST] GET /src/components/ui/checkbox.tsx Accept:*/*
[DEV REQUEST] GET /src/components/ui/scroll-area.tsx Accept:*/*
[DEV REQUEST] GET /src/components/ui/toast.tsx Accept:*/*
[DEV REQUEST] GET /src/components/ui/popover.tsx Accept:*/*
[DEV REQUEST] GET /@fs/C:/Users/Admin/OneDrive/Documents/CityConnectDesk%20new/CityConnectDesk/node_modules/.vite/deps/react_jsx-dev-runtime.js.map Accept:
[DEV REQUEST] GET /@fs/C:/Users/Admin/OneDrive/Documents/CityConnectDesk%20new/CityConnectDesk/node_modules/.vite/deps/chunk-QCHXOAYK.js.map Accept:
[DEV REQUEST] GET /@fs/C:/Users/Admin/OneDrive/Documents/CityConnectDesk%20new/CityConnectDesk/node_modules/.vite/deps/chunk-WOOG5QLI.js.map Accept:
[DEV REQUEST] GET /@fs/C:/Users/Admin/OneDrive/Documents/CityConnectDesk%20new/CityConnectDesk/node_modules/.vite/deps/react-dom_client.js.map Accept:
[DEV REQUEST] GET /@fs/C:/Users/Admin/OneDrive/Documents/CityConnectDesk%20new/CityConnectDesk/node_modules/.vite/deps/chunk-RPCDYKBN.js.map Accept:
[DEV REQUEST] GET /@fs/C:/Users/Admin/OneDrive/Documents/CityConnectDesk%20new/CityConnectDesk/node_modules/.vite/deps/wouter.js.map Accept:
[DEV REQUEST] GET /@fs/C:/Users/Admin/OneDrive/Documents/CityConnectDesk%20new/CityConnectDesk/node_modules/.vite/deps/@tanstack_react-query.js.map Accept:
[DEV REQUEST] GET /@fs/C:/Users/Admin/OneDrive/Documents/CityConnectDesk%20new/CityConnectDesk/node_modules/.vite/deps/chunk-KBTYAULA.js.map Accept:
[DEV REQUEST] GET /@fs/C:/Users/Admin/OneDrive/Documents/CityConnectDesk%20new/CityConnectDesk/node_modules/.vite/deps/react.js.map Accept:
[DEV REQUEST] GET /@fs/C:/Users/Admin/OneDrive/Documents/CityConnectDesk%20new/CityConnectDesk/node_modules/.vite/deps/@radix-ui_react-toast.js.map Accept:
[DEV REQUEST] GET /@fs/C:/Users/Admin/OneDrive/Documents/CityConnectDesk%20new/CityConnectDesk/node_modules/.vite/deps/chunk-HQYEOXEV.js.map Accept:
[DEV REQUEST] GET /@fs/C:/Users/Admin/OneDrive/Documents/CityConnectDesk%20new/CityConnectDesk/node_modules/.vite/deps/chunk-S34NKWM7.js.map Accept:
8:20:47 AM [web] GET /api/user 401 in 9ms
[DEV REQUEST] GET /@fs/C:/Users/Admin/OneDrive/Documents/CityConnectDesk%20new/CityConnectDesk/node_modules/.vite/deps/chunk-EVLBUYTV.js.map Accept:
[DEV REQUEST] GET /@fs/C:/Users/Admin/OneDrive/Documents/CityConnectDesk%20new/CityConnectDesk/node_modules/.vite/deps/chunk-R5YVGTHA.js.map Accept:
[DEV REQUEST] GET /@fs/C:/Users/Admin/OneDrive/Documents/CityConnectDesk%20new/CityConnectDesk/node_modules/.vite/deps/chunk-BOL2CCOG.js.map Accept:
[DEV REQUEST] GET /@fs/C:/Users/Admin/OneDrive/Documents/CityConnectDesk%20new/CityConnectDesk/node_modules/.vite/deps/chunk-K3ALYHUQ.js.map Accept:
[DEV REQUEST] GET /@fs/C:/Users/Admin/OneDrive/Documents/CityConnectDesk%20new/CityConnectDesk/node_modules/.vite/deps/chunk-B7WSUEX4.js.map Accept:
[DEV REQUEST] GET /@fs/C:/Users/Admin/OneDrive/Documents/CityConnectDesk%20new/CityConnectDesk/node_modules/.vite/deps/chunk-INQXXDYO.js.map Accept:
[DEV REQUEST] GET /@fs/C:/Users/Admin/OneDrive/Documents/CityConnectDesk%20new/CityConnectDesk/node_modules/.vite/deps/class-variance-authority.js.map Accept:
[DEV REQUEST] GET /@fs/C:/Users/Admin/OneDrive/Documents/CityConnectDesk%20new/CityConnectDesk/node_modules/.vite/deps/chunk-U7P2NEEE.js.map Accept:
[DEV REQUEST] GET /@fs/C:/Users/Admin/OneDrive/Documents/CityConnectDesk%20new/CityConnectDesk/node_modules/.vite/deps/lucide-react.js.map Accept:
[DEV REQUEST] GET /@fs/C:/Users/Admin/OneDrive/Documents/CityConnectDesk%20new/CityConnectDesk/node_modules/.vite/deps/clsx.js.map Accept:
[DEV REQUEST] GET /@fs/C:/Users/Admin/OneDrive/Documents/CityConnectDesk%20new/CityConnectDesk/node_modules/.vite/deps/tailwind-merge.js.map Accept:
[DEV REQUEST] GET /@fs/C:/Users/Admin/OneDrive/Documents/CityConnectDesk%20new/CityConnectDesk/node_modules/.vite/deps/@radix-ui_react-tooltip.js.map Accept:
[DEV REQUEST] GET /@fs/C:/Users/Admin/OneDrive/Documents/CityConnectDesk%20new/CityConnectDesk/node_modules/.vite/deps/chunk-A5GOC4LA.js.map Accept:
[DEV REQUEST] GET /@fs/C:/Users/Admin/OneDrive/Documents/CityConnectDesk%20new/CityConnectDesk/node_modules/.vite/deps/chunk-3ZATYDQH.js.map Accept:
[DEV REQUEST] GET /@fs/C:/Users/Admin/OneDrive/Documents/CityConnectDesk%20new/CityConnectDesk/node_modules/.vite/deps/chunk-EM3JYNSQ.js.map Accept:
[DEV REQUEST] GET /@fs/C:/Users/Admin/OneDrive/Documents/CityConnectDesk%20new/CityConnectDesk/node_modules/.vite/deps/drizzle-orm.js.map Accept:
[DEV REQUEST] GET /@fs/C:/Users/Admin/OneDrive/Documents/CityConnectDesk%20new/CityConnectDesk/node_modules/.vite/deps/chunk-B62XNPVF.js.map Accept:
[DEV REQUEST] GET /@fs/C:/Users/Admin/OneDrive/Documents/CityConnectDesk%20new/CityConnectDesk/node_modules/.vite/deps/chunk-37IGQLUV.js.map Accept:
[DEV REQUEST] GET /@fs/C:/Users/Admin/OneDrive/Documents/CityConnectDesk%20new/CityConnectDesk/node_modules/.vite/deps/drizzle-orm_pg-core.js.map Accept:
[DEV REQUEST] GET /@fs/C:/Users/Admin/OneDrive/Documents/CityConnectDesk%20new/CityConnectDesk/node_modules/.vite/deps/drizzle-zod.js.map Accept:
[DEV REQUEST] GET /@fs/C:/Users/Admin/OneDrive/Documents/CityConnectDesk%20new/CityConnectDesk/node_modules/.vite/deps/chunk-WGQNECLP.js.map Accept:
[DEV REQUEST] GET /@fs/C:/Users/Admin/OneDrive/Documents/CityConnectDesk%20new/CityConnectDesk/node_modules/.vite/deps/zod.js.map Accept:
[DEV REQUEST] GET /@fs/C:/Users/Admin/OneDrive/Documents/CityConnectDesk%20new/CityConnectDesk/node_modules/.vite/deps/react-hook-form.js.map Accept:
[DEV REQUEST] GET /@fs/C:/Users/Admin/OneDrive/Documents/CityConnectDesk%20new/CityConnectDesk/node_modules/.vite/deps/chunk-4BFJKWC4.js.map Accept:
[DEV REQUEST] GET /@fs/C:/Users/Admin/OneDrive/Documents/CityConnectDesk%20new/CityConnectDesk/node_modules/.vite/deps/@hookform_resolvers_zod.js.map Accept:
8:20:47 AM [web] GET /api/companies 304 in 299ms :: [{"id":"d8226711-7c3a-4a25-b099-7ac54644c6b7...
[DEV REQUEST] GET /@fs/C:/Users/Admin/OneDrive/Documents/CityConnectDesk%20new/CityConnectDesk/node_modules/.vite/deps/@radix-ui_react-slot.js.map Accept:
[DEV REQUEST] GET /@fs/C:/Users/Admin/OneDrive/Documents/CityConnectDesk%20new/CityConnectDesk/node_modules/.vite/deps/@radix-ui_react-label.js.map Accept:
[DEV REQUEST] GET /@fs/C:/Users/Admin/OneDrive/Documents/CityConnectDesk%20new/CityConnectDesk/node_modules/.vite/deps/@radix-ui_react-select.js.map Accept:
[DEV REQUEST] GET /@fs/C:/Users/Admin/OneDrive/Documents/CityConnectDesk%20new/CityConnectDesk/node_modules/.vite/deps/chunk-6ZMM2PAV.js.map Accept:
[DEV REQUEST] GET /@fs/C:/Users/Admin/OneDrive/Documents/CityConnectDesk%20new/CityConnectDesk/node_modules/.vite/deps/chunk-4RO2SXZU.js.map Accept:
[DEV REQUEST] GET /@fs/C:/Users/Admin/OneDrive/Documents/CityConnectDesk%20new/CityConnectDesk/node_modules/.vite/deps/chunk-43G6IMPT.js.map Accept:
[DEV REQUEST] GET /@fs/C:/Users/Admin/OneDrive/Documents/CityConnectDesk%20new/CityConnectDesk/node_modules/.vite/deps/chunk-MQM2T74V.js.map Accept:
[DEV REQUEST] GET /@fs/C:/Users/Admin/OneDrive/Documents/CityConnectDesk%20new/CityConnectDesk/node_modules/.vite/deps/@radix-ui_react-dialog.js.map Accept:
[DEV REQUEST] GET /@fs/C:/Users/Admin/OneDrive/Documents/CityConnectDesk%20new/CityConnectDesk/node_modules/.vite/deps/@radix-ui_react-popover.js.map Accept:
[DEV REQUEST] GET /@fs/C:/Users/Admin/OneDrive/Documents/CityConnectDesk%20new/CityConnectDesk/node_modules/.vite/deps/@radix-ui_react-checkbox.js.map Accept:
[DEV REQUEST] GET /@fs/C:/Users/Admin/OneDrive/Documents/CityConnectDesk%20new/CityConnectDesk/node_modules/.vite/deps/@radix-ui_react-scroll-area.js.map Accept:
[DEV REQUEST] GET /@fs/C:/Users/Admin/OneDrive/Documents/CityConnectDesk%20new/CityConnectDesk/node_modules/.vite/deps/framer-motion.js.map Accept:
[DEV REQUEST] GET /@fs/C:/Users/Admin/OneDrive/Documents/CityConnectDesk%20new/CityConnectDesk/node_modules/.vite/deps/@radix-ui_react-tabs.js.map Accept:
[DEV REQUEST] GET /@fs/C:/Users/Admin/OneDrive/Documents/CityConnectDesk%20new/CityConnectDesk/node_modules/.vite/deps/@radix-ui_react-separator.js.map Accept:
[DEV REQUEST] GET /@fs/C:/Users/Admin/OneDrive/Documents/CityConnectDesk%20new/CityConnectDesk/node_modules/.vite/deps/@radix-ui_react-collapsible.js.map Accept:
[DEV REQUEST] GET /@fs/C:/Users/Admin/OneDrive/Documents/CityConnectDesk%20new/CityConnectDesk/node_modules/.vite/deps/@radix-ui_react-switch.js.map Accept:
[2m08:22:10[22m [36m[1m[vite][22m[39m [32mhmr update [39m[2m/src/App.tsx?v=UyjnA8k1Wgz863I5uohlL, /src/index.css?v=UyjnA8k1Wgz863I5uohlL[22m
[DEV REQUEST] GET /src/App.tsx?t=1763882530933&v=UyjnA8k1Wgz863I5uohlL Accept:*/*
[DEV REQUEST] GET /src/index.css?t=1763882530933&v=UyjnA8k1Wgz863I5uohlL Accept:*/*
[2m08:27:32[22m [36m[1m[vite][22m[39m [32mhmr update [39m[2m/src/pages/provider-company-registration.tsx, /src/index.css?v=UyjnA8k1Wgz863I5uohlL[22m
[DEV REQUEST] GET /src/pages/provider-company-registration.tsx?t=1763882852796 Accept:*/*
[DEV REQUEST] GET /src/index.css?t=1763882852796&v=UyjnA8k1Wgz863I5uohlL Accept:*/*
[2m08:32:41[22m [36m[1m[vite][22m[39m [32mhmr update [39m[2m/src/pages/provider-company-registration.tsx, /src/index.css?v=UyjnA8k1Wgz863I5uohlL[22m
[DEV REQUEST] GET /src/pages/provider-company-registration.tsx?t=1763883161905 Accept:*/*
[DEV REQUEST] GET /src/index.css?t=1763883161905&v=UyjnA8k1Wgz863I5uohlL Accept:*/*
[2m08:35:16[22m [36m[1m[vite][22m[39m [32mhmr update [39m[2m/src/pages/provider-company-registration.tsx, /src/index.css?v=UyjnA8k1Wgz863I5uohlL[22m
[DEV REQUEST] GET /src/pages/provider-company-registration.tsx?t=1763883316212 Accept:*/*
[DEV REQUEST] GET /src/index.css?t=1763883316212&v=UyjnA8k1Wgz863I5uohlL Accept:*/*
[2m08:36:00[22m [36m[1m[vite][22m[39m [32mhmr update [39m[2m/src/pages/provider-company-registration.tsx, /src/index.css?v=UyjnA8k1Wgz863I5uohlL[22m
[DEV REQUEST] GET /src/pages/provider-company-registration.tsx?t=1763883360217 Accept:*/*
[DEV REQUEST] GET /src/index.css?t=1763883360217&v=UyjnA8k1Wgz863I5uohlL Accept:*/*
[2m08:36:10[22m [36m[1m[vite][22m[39m [32mhmr update [39m[2m/src/pages/provider-company-registration.tsx, /src/index.css?v=UyjnA8k1Wgz863I5uohlL[22m
[DEV REQUEST] GET /src/pages/provider-company-registration.tsx?t=1763883370765 Accept:*/*
[DEV REQUEST] GET /src/index.css?t=1763883370765&v=UyjnA8k1Wgz863I5uohlL Accept:*/*
[2m08:37:08[22m [36m[1m[vite][22m[39m [32mhmr update [39m[2m/src/pages/provider-company-registration.tsx, /src/index.css?v=UyjnA8k1Wgz863I5uohlL[22m
[DEV REQUEST] GET /src/pages/provider-company-registration.tsx?t=1763883428069 Accept:*/*
[DEV REQUEST] GET /src/index.css?t=1763883428069&v=UyjnA8k1Wgz863I5uohlL Accept:*/*
[2m08:37:29[22m [36m[1m[vite][22m[39m [32mhmr update [39m[2m/src/pages/provider-company-registration.tsx, /src/index.css?v=UyjnA8k1Wgz863I5uohlL[22m
[DEV REQUEST] GET /src/pages/provider-company-registration.tsx?t=1763883449397 Accept:*/*
[DEV REQUEST] GET /src/index.css?t=1763883449397&v=UyjnA8k1Wgz863I5uohlL Accept:*/*
[2m08:37:38[22m [36m[1m[vite][22m[39m [32mhmr update [39m[2m/src/pages/provider-company-registration.tsx, /src/index.css?v=UyjnA8k1Wgz863I5uohlL[22m
[DEV REQUEST] GET /src/pages/provider-company-registration.tsx?t=1763883458626 Accept:*/*
[DEV REQUEST] GET /src/index.css?t=1763883458626&v=UyjnA8k1Wgz863I5uohlL Accept:*/*
[2m08:37:56[22m [36m[1m[vite][22m[39m [32mhmr update [39m[2m/src/pages/provider-company-registration.tsx, /src/index.css?v=UyjnA8k1Wgz863I5uohlL[22m
[DEV REQUEST] GET /src/pages/provider-company-registration.tsx?t=1763883476612 Accept:*/*
[DEV REQUEST] GET /src/index.css?t=1763883476612&v=UyjnA8k1Wgz863I5uohlL Accept:*/*
[2m08:38:30[22m [36m[1m[vite][22m[39m [32mhmr update [39m[2m/src/pages/provider-company-registration.tsx, /src/index.css?v=UyjnA8k1Wgz863I5uohlL[22m
[DEV REQUEST] GET /src/pages/provider-company-registration.tsx?t=1763883510827 Accept:*/*
[DEV REQUEST] GET /src/index.css?t=1763883510827&v=UyjnA8k1Wgz863I5uohlL Accept:*/*
[2m08:38:38[22m [36m[1m[vite][22m[39m [32mhmr update [39m[2m/src/pages/provider-company-registration.tsx, /src/index.css?v=UyjnA8k1Wgz863I5uohlL[22m
[DEV REQUEST] GET /src/pages/provider-company-registration.tsx?t=1763883518641 Accept:*/*
[DEV REQUEST] GET /src/index.css?t=1763883518641&v=UyjnA8k1Wgz863I5uohlL Accept:*/*
[2m08:39:03[22m [36m[1m[vite][22m[39m [32mhmr update [39m[2m/src/pages/provider-company-registration.tsx, /src/index.css?v=UyjnA8k1Wgz863I5uohlL[22m
[DEV REQUEST] GET /src/pages/provider-company-registration.tsx?t=1763883543868 Accept:*/*
[DEV REQUEST] GET /src/index.css?t=1763883543868&v=UyjnA8k1Wgz863I5uohlL Accept:*/*
[2m08:39:28[22m [36m[1m[vite][22m[39m [32mhmr update [39m[2m/src/pages/provider-company-registration.tsx, /src/index.css?v=UyjnA8k1Wgz863I5uohlL[22m
[DEV REQUEST] GET /src/pages/provider-company-registration.tsx?t=1763883568395 Accept:*/*
[DEV REQUEST] GET /src/index.css?t=1763883568395&v=UyjnA8k1Wgz863I5uohlL Accept:*/*
[2m08:39:52[22m [36m[1m[vite][22m[39m [32mhmr update [39m[2m/src/pages/provider-company-registration.tsx, /src/index.css?v=UyjnA8k1Wgz863I5uohlL[22m
[DEV REQUEST] GET /src/pages/provider-company-registration.tsx?t=1763883592926 Accept:*/*
[DEV REQUEST] GET /src/index.css?t=1763883592926&v=UyjnA8k1Wgz863I5uohlL Accept:*/*
[2m08:43:24[22m [36m[1m[vite][22m[39m [32mhmr update [39m[2m/src/pages/provider-company-registration.tsx, /src/index.css?v=UyjnA8k1Wgz863I5uohlL[22m
[DEV REQUEST] GET /src/pages/provider-company-registration.tsx?t=1763883804522 Accept:*/*
[DEV REQUEST] GET /src/index.css?t=1763883804522&v=UyjnA8k1Wgz863I5uohlL Accept:*/*
[2m08:44:28[22m [36m[1m[vite][22m[39m [32mhmr update [39m[2m/src/pages/provider-company-registration.tsx, /src/index.css?v=UyjnA8k1Wgz863I5uohlL[22m
[DEV REQUEST] GET /src/pages/provider-company-registration.tsx?t=1763883868228 Accept:*/*
[DEV REQUEST] GET /src/index.css?t=1763883868228&v=UyjnA8k1Wgz863I5uohlL Accept:*/*
[2m08:45:51[22m [36m[1m[vite][22m[39m [32mhmr update [39m[2m/src/pages/provider-company-registration.tsx, /src/index.css?v=UyjnA8k1Wgz863I5uohlL[22m
[DEV REQUEST] GET /src/pages/provider-company-registration.tsx?t=1763883951089 Accept:*/*
[DEV REQUEST] GET /src/index.css?t=1763883951089&v=UyjnA8k1Wgz863I5uohlL Accept:*/*
[2m08:46:43[22m [36m[1m[vite][22m[39m [32mhmr update [39m[2m/src/pages/provider-company-registration.tsx, /src/index.css?v=UyjnA8k1Wgz863I5uohlL[22m
[DEV REQUEST] GET /src/pages/provider-company-registration.tsx?t=1763884003818 Accept:*/*
[DEV REQUEST] GET /src/index.css?t=1763884003818&v=UyjnA8k1Wgz863I5uohlL Accept:*/*
[2m08:47:30[22m [36m[1m[vite][22m[39m [32mhmr update [39m[2m/src/pages/provider-company-registration.tsx, /src/index.css?v=UyjnA8k1Wgz863I5uohlL[22m
[DEV REQUEST] GET /src/pages/provider-company-registration.tsx?t=1763884050138 Accept:*/*
[DEV REQUEST] GET /src/index.css?t=1763884050138&v=UyjnA8k1Wgz863I5uohlL Accept:*/*
[2m08:50:29[22m [36m[1m[vite][22m[39m [32mhmr update [39m[2m/src/pages/provider-company-registration.tsx, /src/index.css?v=UyjnA8k1Wgz863I5uohlL[22m
[DEV REQUEST] GET /src/pages/provider-company-registration.tsx?t=1763884229816 Accept:*/*
[DEV REQUEST] GET /src/index.css?t=1763884229816&v=UyjnA8k1Wgz863I5uohlL Accept:*/*
[2m08:51:22[22m [36m[1m[vite][22m[39m [32mhmr update [39m[2m/src/pages/provider-company-registration.tsx, /src/index.css?v=UyjnA8k1Wgz863I5uohlL[22m
[DEV REQUEST] GET /src/pages/provider-company-registration.tsx?t=1763884282234 Accept:*/*
[DEV REQUEST] GET /src/index.css?t=1763884282234&v=UyjnA8k1Wgz863I5uohlL Accept:*/*
[2m08:57:39[22m [36m[1m[vite][22m[39m [32mhmr update [39m[2m/src/pages/provider-company-registration.tsx, /src/index.css?v=UyjnA8k1Wgz863I5uohlL[22m
[DEV REQUEST] GET /src/pages/provider-company-registration.tsx?t=1763884659559 Accept:*/*
[DEV REQUEST] GET /src/index.css?t=1763884659559&v=UyjnA8k1Wgz863I5uohlL Accept:*/*
[2m08:58:00[22m [36m[1m[vite][22m[39m [32mhmr update [39m[2m/src/pages/provider-company-registration.tsx, /src/index.css?v=UyjnA8k1Wgz863I5uohlL[22m
[DEV REQUEST] GET /src/pages/provider-company-registration.tsx?t=1763884680501 Accept:*/*
[DEV REQUEST] GET /src/index.css?t=1763884680501&v=UyjnA8k1Wgz863I5uohlL Accept:*/*
[2m08:58:19[22m [36m[1m[vite][22m[39m [32mhmr update [39m[2m/src/pages/provider-company-registration.tsx, /src/index.css?v=UyjnA8k1Wgz863I5uohlL[22m
[DEV REQUEST] GET /src/pages/provider-company-registration.tsx?t=1763884699480 Accept:*/*
[DEV REQUEST] GET /src/index.css?t=1763884699480&v=UyjnA8k1Wgz863I5uohlL Accept:*/*
[2m08:58:57[22m [36m[1m[vite][22m[39m [32mhmr update [39m[2m/src/pages/provider-company-registration.tsx, /src/index.css?v=UyjnA8k1Wgz863I5uohlL[22m
[DEV REQUEST] GET /src/pages/provider-company-registration.tsx?t=1763884737371 Accept:*/*
[DEV REQUEST] GET /src/index.css?t=1763884737371&v=UyjnA8k1Wgz863I5uohlL Accept:*/*
9:10:15 AM [web] POST /api/provider/company-registration 401 in 61ms :: {"error":"Unauthorized. ...
9:10:39 AM [web] GET /api/companies 304 in 210ms :: [{"id":"d8226711-7c3a-4a25-b099-7ac54644c6b7...
[2m09:11:16[22m [36m[1m[vite][22m[39m [32mhmr update [39m[2m/src/pages/provider-company-registration.tsx, /src/index.css?v=UyjnA8k1Wgz863I5uohlL[22m
[DEV REQUEST] GET /src/pages/provider-company-registration.tsx?t=1763885476255 Accept:*/*
[DEV REQUEST] GET /src/index.css?t=1763885476255&v=UyjnA8k1Wgz863I5uohlL Accept:*/*
[2m09:11:28[22m [36m[1m[vite][22m[39m [32mhmr update [39m[2m/src/pages/provider-company-registration.tsx, /src/index.css?v=UyjnA8k1Wgz863I5uohlL[22m
[DEV REQUEST] GET /src/pages/provider-company-registration.tsx?t=1763885488413 Accept:*/*
[DEV REQUEST] GET /src/index.css?t=1763885488413&v=UyjnA8k1Wgz863I5uohlL Accept:*/*
[2m09:15:43[22m [36m[1m[vite][22m[39m [32mhmr update [39m[2m/src/pages/provider-company-registration.tsx, /src/index.css?v=UyjnA8k1Wgz863I5uohlL[22m
[DEV REQUEST] GET /src/pages/provider-company-registration.tsx?t=1763885743316 Accept:*/*
[DEV REQUEST] GET /src/index.css?t=1763885743316&v=UyjnA8k1Wgz863I5uohlL Accept:*/*
9:42:40 AM [web] POST /api/provider/company-registration 401 in 86ms :: {"error":"Unauthorized. ...
[DEV REQUEST] GET /provider/company-registration Accept:text/html,application/xhtml+xml,application/xml;q=0.9,image/avif,image/webp,image/apng,*/*;q=0.8,application/signed-exchange;v=b3;q=0.7
[DEV REQUEST] GET /.well-known/appspecific/com.chrome.devtools.json Accept:
[DEV REQUEST] GET /@vite/client Accept:*/*
[DEV REQUEST] GET /@react-refresh Accept:*/*
[DEV REQUEST] GET /@fs/C:/Users/Admin/OneDrive/Documents/CityConnectDesk%20new/CityConnectDesk/node_modules/vite/dist/client/env.mjs Accept:*/*
[DEV REQUEST] GET /src/main.tsx?v=qfbpru7Po5CQJfgiCIoGh Accept:*/*
[DEV REQUEST] GET /src/App.tsx?t=1763885743316&v=qfbpru7Po5CQJfgiCIoGh Accept:*/*
[DEV REQUEST] GET /src/index.css?t=1763885743316&v=qfbpru7Po5CQJfgiCIoGh Accept:*/*
[DEV REQUEST] GET /src/lib/queryClient.ts Accept:*/*
[DEV REQUEST] GET /src/components/ui/toaster.tsx Accept:*/*
[DEV REQUEST] GET /src/hooks/use-auth.tsx Accept:*/*
[DEV REQUEST] GET /src/lib/protected-route.tsx Accept:*/*
[DEV REQUEST] GET /src/pages/admin-super-dashboard.tsx Accept:*/*
[DEV REQUEST] GET /src/pages/landing-page.tsx Accept:*/*
[DEV REQUEST] GET /src/pages/auth-page.tsx Accept:*/*
[DEV REQUEST] GET /src/pages/resident-dashboard.tsx Accept:*/*
[DEV REQUEST] GET /src/pages/provider-dashboard.tsx Accept:*/*
[DEV REQUEST] GET /src/pages/provider-company-registration.tsx?t=1763885743316 Accept:*/*
[DEV REQUEST] GET /src/pages/provider-store-items.tsx Accept:*/*
[DEV REQUEST] GET /src/pages/admin-dashboard.tsx Accept:*/*
[DEV REQUEST] GET /src/pages/book-artisan.tsx Accept:*/*
[DEV REQUEST] GET /src/pages/book-market-run.tsx Accept:*/*
[DEV REQUEST] GET /src/pages/track-orders.tsx Accept:*/*
[DEV REQUEST] GET /src/pages/not-found.tsx Accept:*/*
[DEV REQUEST] GET /src/hooks/use-toast.ts Accept:*/*
[DEV REQUEST] GET /src/components/ui/toast.tsx Accept:*/*
[DEV REQUEST] GET /@fs/C:/Users/Admin/OneDrive/Documents/CityConnectDesk%20new/CityConnectDesk/shared/schema.ts Accept:*/*
[DEV REQUEST] GET /src/components/ui/button.tsx Accept:*/*
[DEV REQUEST] GET /src/components/ui/card.tsx Accept:*/*
[DEV REQUEST] GET /src/components/ui/input.tsx Accept:*/*
[DEV REQUEST] GET /src/components/ui/password-input.tsx Accept:*/*
[DEV REQUEST] GET /src/components/ui/select.tsx Accept:*/*
[DEV REQUEST] GET /src/components/ui/tabs.tsx Accept:*/*
[DEV REQUEST] GET /src/components/ui/separator.tsx Accept:*/*
[DEV REQUEST] GET /src/components/ui/form.tsx Accept:*/*
[DEV REQUEST] GET /src/components/ui/badge.tsx Accept:*/*
[DEV REQUEST] GET /src/components/ui/sheet.tsx Accept:*/*
[DEV REQUEST] GET /src/components/ui/dialog.tsx Accept:*/*
[DEV REQUEST] GET /src/components/ui/label.tsx Accept:*/*
[DEV REQUEST] GET /src/components/ui/textarea.tsx Accept:*/*
[DEV REQUEST] GET /src/components/ui/switch.tsx Accept:*/*
[DEV REQUEST] GET /src/lib/adminApi.ts Accept:*/*
[DEV REQUEST] GET /src/components/ui/collapsible.tsx Accept:*/*
[DEV REQUEST] GET /@fs/C:/Users/Admin/OneDrive/Documents/CityConnectDesk%20new/CityConnectDesk/shared/admin-schema.ts Accept:*/*
[DEV REQUEST] GET /src/components/admin/ArtisanRequestsPanel.tsx Accept:*/*
[DEV REQUEST] GET /src/components/ui/table.tsx Accept:*/*
[DEV REQUEST] GET /src/components/ui/popover.tsx Accept:*/*
[DEV REQUEST] GET /src/components/ui/tooltip.tsx Accept:*/*
[DEV REQUEST] GET /src/components/ui/checkbox.tsx Accept:*/*
[DEV REQUEST] GET /src/components/ui/scroll-area.tsx Accept:*/*
[DEV REQUEST] GET /src/lib/residentApi.ts Accept:*/*
[DEV REQUEST] GET /src/lib/utils.ts Accept:*/*
[DEV REQUEST] GET /@fs/C:/Users/Admin/OneDrive/Documents/CityConnectDesk%20new/CityConnectDesk/node_modules/.vite/deps/react_jsx-dev-runtime.js.map Accept:
[DEV REQUEST] GET /@fs/C:/Users/Admin/OneDrive/Documents/CityConnectDesk%20new/CityConnectDesk/node_modules/.vite/deps/chunk-QCHXOAYK.js.map Accept:
[DEV REQUEST] GET /@fs/C:/Users/Admin/OneDrive/Documents/CityConnectDesk%20new/CityConnectDesk/node_modules/.vite/deps/chunk-WOOG5QLI.js.map Accept:
[DEV REQUEST] GET /@fs/C:/Users/Admin/OneDrive/Documents/CityConnectDesk%20new/CityConnectDesk/node_modules/.vite/deps/react-dom_client.js.map Accept:
[DEV REQUEST] GET /@fs/C:/Users/Admin/OneDrive/Documents/CityConnectDesk%20new/CityConnectDesk/node_modules/.vite/deps/chunk-RPCDYKBN.js.map Accept:
[DEV REQUEST] GET /@fs/C:/Users/Admin/OneDrive/Documents/CityConnectDesk%20new/CityConnectDesk/node_modules/.vite/deps/wouter.js.map Accept:
[DEV REQUEST] GET /@fs/C:/Users/Admin/OneDrive/Documents/CityConnectDesk%20new/CityConnectDesk/node_modules/.vite/deps/@tanstack_react-query.js.map Accept:
[DEV REQUEST] GET /@fs/C:/Users/Admin/OneDrive/Documents/CityConnectDesk%20new/CityConnectDesk/node_modules/.vite/deps/chunk-KBTYAULA.js.map Accept:
[DEV REQUEST] GET /@fs/C:/Users/Admin/OneDrive/Documents/CityConnectDesk%20new/CityConnectDesk/node_modules/.vite/deps/react.js.map Accept:
[DEV REQUEST] GET /@fs/C:/Users/Admin/OneDrive/Documents/CityConnectDesk%20new/CityConnectDesk/node_modules/.vite/deps/chunk-EVLBUYTV.js.map Accept:
[DEV REQUEST] GET /@fs/C:/Users/Admin/OneDrive/Documents/CityConnectDesk%20new/CityConnectDesk/node_modules/.vite/deps/chunk-R5YVGTHA.js.map Accept:
[DEV REQUEST] GET /@fs/C:/Users/Admin/OneDrive/Documents/CityConnectDesk%20new/CityConnectDesk/node_modules/.vite/deps/chunk-BOL2CCOG.js.map Accept:
[DEV REQUEST] GET /@fs/C:/Users/Admin/OneDrive/Documents/CityConnectDesk%20new/CityConnectDesk/node_modules/.vite/deps/chunk-K3ALYHUQ.js.map Accept:
[DEV REQUEST] GET /@fs/C:/Users/Admin/OneDrive/Documents/CityConnectDesk%20new/CityConnectDesk/node_modules/.vite/deps/chunk-B7WSUEX4.js.map Accept:
[DEV REQUEST] GET /@fs/C:/Users/Admin/OneDrive/Documents/CityConnectDesk%20new/CityConnectDesk/node_modules/.vite/deps/chunk-INQXXDYO.js.map Accept:
[DEV REQUEST] GET /@fs/C:/Users/Admin/OneDrive/Documents/CityConnectDesk%20new/CityConnectDesk/node_modules/.vite/deps/class-variance-authority.js.map Accept:
[DEV REQUEST] GET /@fs/C:/Users/Admin/OneDrive/Documents/CityConnectDesk%20new/CityConnectDesk/node_modules/.vite/deps/chunk-U7P2NEEE.js.map Accept:
9:45:22 AM [web] GET /api/user 401 in 7ms
[DEV REQUEST] GET /@fs/C:/Users/Admin/OneDrive/Documents/CityConnectDesk%20new/CityConnectDesk/node_modules/.vite/deps/lucide-react.js.map Accept:
[DEV REQUEST] GET /@fs/C:/Users/Admin/OneDrive/Documents/CityConnectDesk%20new/CityConnectDesk/node_modules/.vite/deps/clsx.js.map Accept:
[DEV REQUEST] GET /@fs/C:/Users/Admin/OneDrive/Documents/CityConnectDesk%20new/CityConnectDesk/node_modules/.vite/deps/tailwind-merge.js.map Accept:
[DEV REQUEST] GET /@fs/C:/Users/Admin/OneDrive/Documents/CityConnectDesk%20new/CityConnectDesk/node_modules/.vite/deps/@radix-ui_react-tooltip.js.map Accept:
[DEV REQUEST] GET /@fs/C:/Users/Admin/OneDrive/Documents/CityConnectDesk%20new/CityConnectDesk/node_modules/.vite/deps/chunk-A5GOC4LA.js.map Accept:
[DEV REQUEST] GET /@fs/C:/Users/Admin/OneDrive/Documents/CityConnectDesk%20new/CityConnectDesk/node_modules/.vite/deps/chunk-3ZATYDQH.js.map Accept:
[DEV REQUEST] GET /@fs/C:/Users/Admin/OneDrive/Documents/CityConnectDesk%20new/CityConnectDesk/node_modules/.vite/deps/chunk-EM3JYNSQ.js.map Accept:
[DEV REQUEST] GET /@fs/C:/Users/Admin/OneDrive/Documents/CityConnectDesk%20new/CityConnectDesk/node_modules/.vite/deps/drizzle-orm.js.map Accept:
[DEV REQUEST] GET /@fs/C:/Users/Admin/OneDrive/Documents/CityConnectDesk%20new/CityConnectDesk/node_modules/.vite/deps/chunk-B62XNPVF.js.map Accept:
[DEV REQUEST] GET /@fs/C:/Users/Admin/OneDrive/Documents/CityConnectDesk%20new/CityConnectDesk/node_modules/.vite/deps/chunk-37IGQLUV.js.map Accept:
[DEV REQUEST] GET /@fs/C:/Users/Admin/OneDrive/Documents/CityConnectDesk%20new/CityConnectDesk/node_modules/.vite/deps/drizzle-orm_pg-core.js.map Accept:
[DEV REQUEST] GET /@fs/C:/Users/Admin/OneDrive/Documents/CityConnectDesk%20new/CityConnectDesk/node_modules/.vite/deps/drizzle-zod.js.map Accept:
[DEV REQUEST] GET /@fs/C:/Users/Admin/OneDrive/Documents/CityConnectDesk%20new/CityConnectDesk/node_modules/.vite/deps/chunk-WGQNECLP.js.map Accept:
[DEV REQUEST] GET /@fs/C:/Users/Admin/OneDrive/Documents/CityConnectDesk%20new/CityConnectDesk/node_modules/.vite/deps/zod.js.map Accept:
[DEV REQUEST] GET /@fs/C:/Users/Admin/OneDrive/Documents/CityConnectDesk%20new/CityConnectDesk/node_modules/.vite/deps/react-hook-form.js.map Accept:
[DEV REQUEST] GET /@fs/C:/Users/Admin/OneDrive/Documents/CityConnectDesk%20new/CityConnectDesk/node_modules/.vite/deps/chunk-4BFJKWC4.js.map Accept:
[DEV REQUEST] GET /@fs/C:/Users/Admin/OneDrive/Documents/CityConnectDesk%20new/CityConnectDesk/node_modules/.vite/deps/@radix-ui_react-toast.js.map Accept:
[DEV REQUEST] GET /@fs/C:/Users/Admin/OneDrive/Documents/CityConnectDesk%20new/CityConnectDesk/node_modules/.vite/deps/@hookform_resolvers_zod.js.map Accept:
[DEV REQUEST] GET /@fs/C:/Users/Admin/OneDrive/Documents/CityConnectDesk%20new/CityConnectDesk/node_modules/.vite/deps/@radix-ui_react-slot.js.map Accept:
[DEV REQUEST] GET /@fs/C:/Users/Admin/OneDrive/Documents/CityConnectDesk%20new/CityConnectDesk/node_modules/.vite/deps/@radix-ui_react-label.js.map Accept:
[DEV REQUEST] GET /@fs/C:/Users/Admin/OneDrive/Documents/CityConnectDesk%20new/CityConnectDesk/node_modules/.vite/deps/chunk-S34NKWM7.js.map Accept:
[DEV REQUEST] GET /@fs/C:/Users/Admin/OneDrive/Documents/CityConnectDesk%20new/CityConnectDesk/node_modules/.vite/deps/@radix-ui_react-select.js.map Accept:
[DEV REQUEST] GET /@fs/C:/Users/Admin/OneDrive/Documents/CityConnectDesk%20new/CityConnectDesk/node_modules/.vite/deps/chunk-6ZMM2PAV.js.map Accept:
[DEV REQUEST] GET /@fs/C:/Users/Admin/OneDrive/Documents/CityConnectDesk%20new/CityConnectDesk/node_modules/.vite/deps/chunk-4RO2SXZU.js.map Accept:
[DEV REQUEST] GET /@fs/C:/Users/Admin/OneDrive/Documents/CityConnectDesk%20new/CityConnectDesk/node_modules/.vite/deps/chunk-HQYEOXEV.js.map Accept:
[DEV REQUEST] GET /@fs/C:/Users/Admin/OneDrive/Documents/CityConnectDesk%20new/CityConnectDesk/node_modules/.vite/deps/chunk-43G6IMPT.js.map Accept:
[DEV REQUEST] GET /@fs/C:/Users/Admin/OneDrive/Documents/CityConnectDesk%20new/CityConnectDesk/node_modules/.vite/deps/chunk-MQM2T74V.js.map Accept:
[DEV REQUEST] GET /@fs/C:/Users/Admin/OneDrive/Documents/CityConnectDesk%20new/CityConnectDesk/node_modules/.vite/deps/@radix-ui_react-dialog.js.map Accept:
[DEV REQUEST] GET /@fs/C:/Users/Admin/OneDrive/Documents/CityConnectDesk%20new/CityConnectDesk/node_modules/.vite/deps/@radix-ui_react-popover.js.map Accept:
[DEV REQUEST] GET /@fs/C:/Users/Admin/OneDrive/Documents/CityConnectDesk%20new/CityConnectDesk/node_modules/.vite/deps/@radix-ui_react-checkbox.js.map Accept:
[DEV REQUEST] GET /@fs/C:/Users/Admin/OneDrive/Documents/CityConnectDesk%20new/CityConnectDesk/node_modules/.vite/deps/@radix-ui_react-scroll-area.js.map Accept:
[DEV REQUEST] GET /@fs/C:/Users/Admin/OneDrive/Documents/CityConnectDesk%20new/CityConnectDesk/node_modules/.vite/deps/framer-motion.js.map Accept:
[DEV REQUEST] GET /@fs/C:/Users/Admin/OneDrive/Documents/CityConnectDesk%20new/CityConnectDesk/node_modules/.vite/deps/@radix-ui_react-tabs.js.map Accept:
[DEV REQUEST] GET /@fs/C:/Users/Admin/OneDrive/Documents/CityConnectDesk%20new/CityConnectDesk/node_modules/.vite/deps/@radix-ui_react-separator.js.map Accept:
[DEV REQUEST] GET /@fs/C:/Users/Admin/OneDrive/Documents/CityConnectDesk%20new/CityConnectDesk/node_modules/.vite/deps/@radix-ui_react-collapsible.js.map Accept:
[DEV REQUEST] GET /@fs/C:/Users/Admin/OneDrive/Documents/CityConnectDesk%20new/CityConnectDesk/node_modules/.vite/deps/@radix-ui_react-switch.js.map Accept:
[DEV REQUEST] GET /provider/company-registration Accept:text/html,application/xhtml+xml,application/xml;q=0.9,image/avif,image/webp,image/apng,*/*;q=0.8,application/signed-exchange;v=b3;q=0.7
[DEV REQUEST] GET /.well-known/appspecific/com.chrome.devtools.json Accept:
[DEV REQUEST] GET /@vite/client Accept:*/*
[DEV REQUEST] GET /src/main.tsx?v=qAahvZQsut2Glp_G-m2Y2 Accept:*/*
[DEV REQUEST] GET /@react-refresh Accept:*/*
[DEV REQUEST] GET /src/App.tsx?t=1763885743316&v=qAahvZQsut2Glp_G-m2Y2 Accept:*/*
[DEV REQUEST] GET /src/index.css?t=1763885743316&v=qAahvZQsut2Glp_G-m2Y2 Accept:*/*
[DEV REQUEST] GET /@fs/C:/Users/Admin/OneDrive/Documents/CityConnectDesk%20new/CityConnectDesk/node_modules/vite/dist/client/env.mjs Accept:*/*
[DEV REQUEST] GET /src/lib/queryClient.ts Accept:*/*
[DEV REQUEST] GET /src/components/ui/toaster.tsx Accept:*/*
[DEV REQUEST] GET /src/components/ui/tooltip.tsx Accept:*/*
[DEV REQUEST] GET /src/hooks/use-auth.tsx Accept:*/*
[DEV REQUEST] GET /src/lib/protected-route.tsx Accept:*/*
[DEV REQUEST] GET /src/pages/admin-super-dashboard.tsx Accept:*/*
[DEV REQUEST] GET /src/pages/landing-page.tsx Accept:*/*
[DEV REQUEST] GET /src/pages/auth-page.tsx Accept:*/*
[DEV REQUEST] GET /src/pages/resident-dashboard.tsx Accept:*/*
[DEV REQUEST] GET /src/pages/provider-dashboard.tsx Accept:*/*
[DEV REQUEST] GET /src/pages/provider-company-registration.tsx?t=1763885743316 Accept:*/*
[DEV REQUEST] GET /src/pages/provider-store-items.tsx Accept:*/*
[DEV REQUEST] GET /src/pages/admin-dashboard.tsx Accept:*/*
[DEV REQUEST] GET /src/pages/book-artisan.tsx Accept:*/*
[DEV REQUEST] GET /src/pages/book-market-run.tsx Accept:*/*
[DEV REQUEST] GET /src/pages/track-orders.tsx Accept:*/*
[DEV REQUEST] GET /src/pages/not-found.tsx Accept:*/*
[DEV REQUEST] GET /src/hooks/use-toast.ts Accept:*/*
[DEV REQUEST] GET /src/components/ui/toast.tsx Accept:*/*
[DEV REQUEST] GET /src/lib/utils.ts Accept:*/*
[DEV REQUEST] GET /@fs/C:/Users/Admin/OneDrive/Documents/CityConnectDesk%20new/CityConnectDesk/shared/schema.ts Accept:*/*
[DEV REQUEST] GET /src/components/ui/button.tsx Accept:*/*
[DEV REQUEST] GET /src/components/ui/card.tsx Accept:*/*
[DEV REQUEST] GET /src/components/ui/badge.tsx Accept:*/*
[DEV REQUEST] GET /src/components/ui/sheet.tsx Accept:*/*
[DEV REQUEST] GET /src/components/ui/input.tsx Accept:*/*
[DEV REQUEST] GET /src/components/ui/select.tsx Accept:*/*
[DEV REQUEST] GET /src/components/ui/tabs.tsx Accept:*/*
[DEV REQUEST] GET /src/components/ui/separator.tsx Accept:*/*
[DEV REQUEST] GET /src/components/ui/form.tsx Accept:*/*
[DEV REQUEST] GET /src/components/ui/dialog.tsx Accept:*/*
[DEV REQUEST] GET /src/components/ui/label.tsx Accept:*/*
[DEV REQUEST] GET /src/components/ui/textarea.tsx Accept:*/*
[DEV REQUEST] GET /src/components/ui/collapsible.tsx Accept:*/*
[DEV REQUEST] GET /src/components/ui/switch.tsx Accept:*/*
[DEV REQUEST] GET /src/lib/adminApi.ts Accept:*/*
[DEV REQUEST] GET /src/lib/residentApi.ts Accept:*/*
[DEV REQUEST] GET /@fs/C:/Users/Admin/OneDrive/Documents/CityConnectDesk%20new/CityConnectDesk/shared/admin-schema.ts Accept:*/*
[DEV REQUEST] GET /src/components/admin/ArtisanRequestsPanel.tsx Accept:*/*
[DEV REQUEST] GET /src/components/ui/table.tsx Accept:*/*
[DEV REQUEST] GET /src/components/ui/popover.tsx Accept:*/*
[DEV REQUEST] GET /src/components/ui/checkbox.tsx Accept:*/*
[DEV REQUEST] GET /src/components/ui/scroll-area.tsx Accept:*/*
[DEV REQUEST] GET /src/components/ui/password-input.tsx Accept:*/*
[DEV REQUEST] GET /@fs/C:/Users/Admin/OneDrive/Documents/CityConnectDesk%20new/CityConnectDesk/node_modules/.vite/deps/react_jsx-dev-runtime.js.map Accept:
[DEV REQUEST] GET /@fs/C:/Users/Admin/OneDrive/Documents/CityConnectDesk%20new/CityConnectDesk/node_modules/.vite/deps/chunk-QCHXOAYK.js.map Accept:
[DEV REQUEST] GET /@fs/C:/Users/Admin/OneDrive/Documents/CityConnectDesk%20new/CityConnectDesk/node_modules/.vite/deps/chunk-WOOG5QLI.js.map Accept:
[DEV REQUEST] GET /@fs/C:/Users/Admin/OneDrive/Documents/CityConnectDesk%20new/CityConnectDesk/node_modules/.vite/deps/react-dom_client.js.map Accept:
[DEV REQUEST] GET /@fs/C:/Users/Admin/OneDrive/Documents/CityConnectDesk%20new/CityConnectDesk/node_modules/.vite/deps/chunk-RPCDYKBN.js.map Accept:
[DEV REQUEST] GET /@fs/C:/Users/Admin/OneDrive/Documents/CityConnectDesk%20new/CityConnectDesk/node_modules/.vite/deps/wouter.js.map Accept:
[DEV REQUEST] GET /@fs/C:/Users/Admin/OneDrive/Documents/CityConnectDesk%20new/CityConnectDesk/node_modules/.vite/deps/@tanstack_react-query.js.map Accept:
[DEV REQUEST] GET /@fs/C:/Users/Admin/OneDrive/Documents/CityConnectDesk%20new/CityConnectDesk/node_modules/.vite/deps/chunk-KBTYAULA.js.map Accept:
[DEV REQUEST] GET /@fs/C:/Users/Admin/OneDrive/Documents/CityConnectDesk%20new/CityConnectDesk/node_modules/.vite/deps/react.js.map Accept:
[DEV REQUEST] GET /@fs/C:/Users/Admin/OneDrive/Documents/CityConnectDesk%20new/CityConnectDesk/node_modules/.vite/deps/@radix-ui_react-toast.js.map Accept:
[DEV REQUEST] GET /@fs/C:/Users/Admin/OneDrive/Documents/CityConnectDesk%20new/CityConnectDesk/node_modules/.vite/deps/chunk-HQYEOXEV.js.map Accept:
[DEV REQUEST] GET /@fs/C:/Users/Admin/OneDrive/Documents/CityConnectDesk%20new/CityConnectDesk/node_modules/.vite/deps/chunk-S34NKWM7.js.map Accept:
9:45:33 AM [web] GET /api/user 401 in 6ms
[DEV REQUEST] GET /@fs/C:/Users/Admin/OneDrive/Documents/CityConnectDesk%20new/CityConnectDesk/node_modules/.vite/deps/chunk-R5YVGTHA.js.map Accept:
[DEV REQUEST] GET /@fs/C:/Users/Admin/OneDrive/Documents/CityConnectDesk%20new/CityConnectDesk/node_modules/.vite/deps/chunk-BOL2CCOG.js.map Accept:
[DEV REQUEST] GET /@fs/C:/Users/Admin/OneDrive/Documents/CityConnectDesk%20new/CityConnectDesk/node_modules/.vite/deps/chunk-K3ALYHUQ.js.map Accept:
[DEV REQUEST] GET /@fs/C:/Users/Admin/OneDrive/Documents/CityConnectDesk%20new/CityConnectDesk/node_modules/.vite/deps/chunk-B7WSUEX4.js.map Accept:
[DEV REQUEST] GET /@fs/C:/Users/Admin/OneDrive/Documents/CityConnectDesk%20new/CityConnectDesk/node_modules/.vite/deps/chunk-INQXXDYO.js.map Accept:
[DEV REQUEST] GET /@fs/C:/Users/Admin/OneDrive/Documents/CityConnectDesk%20new/CityConnectDesk/node_modules/.vite/deps/class-variance-authority.js.map Accept:
[DEV REQUEST] GET /@fs/C:/Users/Admin/OneDrive/Documents/CityConnectDesk%20new/CityConnectDesk/node_modules/.vite/deps/chunk-U7P2NEEE.js.map Accept:
[DEV REQUEST] GET /@fs/C:/Users/Admin/OneDrive/Documents/CityConnectDesk%20new/CityConnectDesk/node_modules/.vite/deps/lucide-react.js.map Accept:
[DEV REQUEST] GET /@fs/C:/Users/Admin/OneDrive/Documents/CityConnectDesk%20new/CityConnectDesk/node_modules/.vite/deps/clsx.js.map Accept:
[DEV REQUEST] GET /@fs/C:/Users/Admin/OneDrive/Documents/CityConnectDesk%20new/CityConnectDesk/node_modules/.vite/deps/tailwind-merge.js.map Accept:
[DEV REQUEST] GET /@fs/C:/Users/Admin/OneDrive/Documents/CityConnectDesk%20new/CityConnectDesk/node_modules/.vite/deps/@radix-ui_react-tooltip.js.map Accept:
[DEV REQUEST] GET /@fs/C:/Users/Admin/OneDrive/Documents/CityConnectDesk%20new/CityConnectDesk/node_modules/.vite/deps/chunk-A5GOC4LA.js.map Accept:
[DEV REQUEST] GET /@fs/C:/Users/Admin/OneDrive/Documents/CityConnectDesk%20new/CityConnectDesk/node_modules/.vite/deps/chunk-3ZATYDQH.js.map Accept:
[DEV REQUEST] GET /@fs/C:/Users/Admin/OneDrive/Documents/CityConnectDesk%20new/CityConnectDesk/node_modules/.vite/deps/chunk-EM3JYNSQ.js.map Accept:
[DEV REQUEST] GET /@fs/C:/Users/Admin/OneDrive/Documents/CityConnectDesk%20new/CityConnectDesk/node_modules/.vite/deps/drizzle-orm.js.map Accept:
[DEV REQUEST] GET /@fs/C:/Users/Admin/OneDrive/Documents/CityConnectDesk%20new/CityConnectDesk/node_modules/.vite/deps/chunk-B62XNPVF.js.map Accept:
[DEV REQUEST] GET /@fs/C:/Users/Admin/OneDrive/Documents/CityConnectDesk%20new/CityConnectDesk/node_modules/.vite/deps/chunk-37IGQLUV.js.map Accept:
[DEV REQUEST] GET /@fs/C:/Users/Admin/OneDrive/Documents/CityConnectDesk%20new/CityConnectDesk/node_modules/.vite/deps/drizzle-orm_pg-core.js.map Accept:
[DEV REQUEST] GET /@fs/C:/Users/Admin/OneDrive/Documents/CityConnectDesk%20new/CityConnectDesk/node_modules/.vite/deps/chunk-EVLBUYTV.js.map Accept:
[DEV REQUEST] GET /@fs/C:/Users/Admin/OneDrive/Documents/CityConnectDesk%20new/CityConnectDesk/node_modules/.vite/deps/drizzle-zod.js.map Accept:
[DEV REQUEST] GET /@fs/C:/Users/Admin/OneDrive/Documents/CityConnectDesk%20new/CityConnectDesk/node_modules/.vite/deps/chunk-WGQNECLP.js.map Accept:
[DEV REQUEST] GET /@fs/C:/Users/Admin/OneDrive/Documents/CityConnectDesk%20new/CityConnectDesk/node_modules/.vite/deps/zod.js.map Accept:
[DEV REQUEST] GET /@fs/C:/Users/Admin/OneDrive/Documents/CityConnectDesk%20new/CityConnectDesk/node_modules/.vite/deps/react-hook-form.js.map Accept:
[DEV REQUEST] GET /@fs/C:/Users/Admin/OneDrive/Documents/CityConnectDesk%20new/CityConnectDesk/node_modules/.vite/deps/chunk-4BFJKWC4.js.map Accept:
[DEV REQUEST] GET /@fs/C:/Users/Admin/OneDrive/Documents/CityConnectDesk%20new/CityConnectDesk/node_modules/.vite/deps/@hookform_resolvers_zod.js.map Accept:
[DEV REQUEST] GET /@fs/C:/Users/Admin/OneDrive/Documents/CityConnectDesk%20new/CityConnectDesk/node_modules/.vite/deps/@radix-ui_react-slot.js.map Accept:
[DEV REQUEST] GET /@fs/C:/Users/Admin/OneDrive/Documents/CityConnectDesk%20new/CityConnectDesk/node_modules/.vite/deps/@radix-ui_react-label.js.map Accept:
[DEV REQUEST] GET /@fs/C:/Users/Admin/OneDrive/Documents/CityConnectDesk%20new/CityConnectDesk/node_modules/.vite/deps/@radix-ui_react-select.js.map Accept:
[DEV REQUEST] GET /@fs/C:/Users/Admin/OneDrive/Documents/CityConnectDesk%20new/CityConnectDesk/node_modules/.vite/deps/chunk-6ZMM2PAV.js.map Accept:
[DEV REQUEST] GET /@fs/C:/Users/Admin/OneDrive/Documents/CityConnectDesk%20new/CityConnectDesk/node_modules/.vite/deps/chunk-4RO2SXZU.js.map Accept:
[DEV REQUEST] GET /@fs/C:/Users/Admin/OneDrive/Documents/CityConnectDesk%20new/CityConnectDesk/node_modules/.vite/deps/chunk-43G6IMPT.js.map Accept:
[DEV REQUEST] GET /@fs/C:/Users/Admin/OneDrive/Documents/CityConnectDesk%20new/CityConnectDesk/node_modules/.vite/deps/chunk-MQM2T74V.js.map Accept:
[DEV REQUEST] GET /@fs/C:/Users/Admin/OneDrive/Documents/CityConnectDesk%20new/CityConnectDesk/node_modules/.vite/deps/@radix-ui_react-dialog.js.map Accept:
[DEV REQUEST] GET /@fs/C:/Users/Admin/OneDrive/Documents/CityConnectDesk%20new/CityConnectDesk/node_modules/.vite/deps/@radix-ui_react-popover.js.map Accept:
[DEV REQUEST] GET /@fs/C:/Users/Admin/OneDrive/Documents/CityConnectDesk%20new/CityConnectDesk/node_modules/.vite/deps/@radix-ui_react-checkbox.js.map Accept:
[DEV REQUEST] GET /@fs/C:/Users/Admin/OneDrive/Documents/CityConnectDesk%20new/CityConnectDesk/node_modules/.vite/deps/@radix-ui_react-scroll-area.js.map Accept:
[DEV REQUEST] GET /@fs/C:/Users/Admin/OneDrive/Documents/CityConnectDesk%20new/CityConnectDesk/node_modules/.vite/deps/framer-motion.js.map Accept:
[DEV REQUEST] GET /@fs/C:/Users/Admin/OneDrive/Documents/CityConnectDesk%20new/CityConnectDesk/node_modules/.vite/deps/@radix-ui_react-tabs.js.map Accept:
[DEV REQUEST] GET /@fs/C:/Users/Admin/OneDrive/Documents/CityConnectDesk%20new/CityConnectDesk/node_modules/.vite/deps/@radix-ui_react-separator.js.map Accept:
[DEV REQUEST] GET /@fs/C:/Users/Admin/OneDrive/Documents/CityConnectDesk%20new/CityConnectDesk/node_modules/.vite/deps/@radix-ui_react-collapsible.js.map Accept:
[DEV REQUEST] GET /@fs/C:/Users/Admin/OneDrive/Documents/CityConnectDesk%20new/CityConnectDesk/node_modules/.vite/deps/@radix-ui_react-switch.js.map Accept:
[DEV REQUEST] GET /provider/company-registration Accept:text/html,application/xhtml+xml,application/xml;q=0.9,image/avif,image/webp,image/apng,*/*;q=0.8,application/signed-exchange;v=b3;q=0.7
[DEV REQUEST] GET /.well-known/appspecific/com.chrome.devtools.json Accept:
[DEV REQUEST] GET /@vite/client Accept:*/*
[DEV REQUEST] GET /src/main.tsx?v=dFM3_mmDG6IUZFkWjABwC Accept:*/*
[DEV REQUEST] GET /@react-refresh Accept:*/*
[DEV REQUEST] GET /src/App.tsx?t=1763885743316&v=dFM3_mmDG6IUZFkWjABwC Accept:*/*
[DEV REQUEST] GET /src/index.css?t=1763885743316&v=dFM3_mmDG6IUZFkWjABwC Accept:*/*
[DEV REQUEST] GET /@fs/C:/Users/Admin/OneDrive/Documents/CityConnectDesk%20new/CityConnectDesk/node_modules/vite/dist/client/env.mjs Accept:*/*
[DEV REQUEST] GET /src/lib/queryClient.ts Accept:*/*
[DEV REQUEST] GET /src/components/ui/toaster.tsx Accept:*/*
[DEV REQUEST] GET /src/components/ui/tooltip.tsx Accept:*/*
[DEV REQUEST] GET /src/hooks/use-auth.tsx Accept:*/*
[DEV REQUEST] GET /src/lib/protected-route.tsx Accept:*/*
[DEV REQUEST] GET /src/pages/admin-super-dashboard.tsx Accept:*/*
[DEV REQUEST] GET /src/pages/landing-page.tsx Accept:*/*
[DEV REQUEST] GET /src/pages/auth-page.tsx Accept:*/*
[DEV REQUEST] GET /src/pages/resident-dashboard.tsx Accept:*/*
[DEV REQUEST] GET /src/pages/provider-dashboard.tsx Accept:*/*
[DEV REQUEST] GET /src/pages/provider-company-registration.tsx?t=1763885743316 Accept:*/*
[DEV REQUEST] GET /src/pages/provider-store-items.tsx Accept:*/*
[DEV REQUEST] GET /src/pages/admin-dashboard.tsx Accept:*/*
[DEV REQUEST] GET /src/pages/book-artisan.tsx Accept:*/*
[DEV REQUEST] GET /src/pages/book-market-run.tsx Accept:*/*
[DEV REQUEST] GET /src/pages/track-orders.tsx Accept:*/*
[DEV REQUEST] GET /src/pages/not-found.tsx Accept:*/*
[DEV REQUEST] GET /src/hooks/use-toast.ts Accept:*/*
[DEV REQUEST] GET /src/components/ui/toast.tsx Accept:*/*
[DEV REQUEST] GET /src/lib/utils.ts Accept:*/*
[DEV REQUEST] GET /@fs/C:/Users/Admin/OneDrive/Documents/CityConnectDesk%20new/CityConnectDesk/shared/schema.ts Accept:*/*
[DEV REQUEST] GET /src/lib/adminApi.ts Accept:*/*
[DEV REQUEST] GET /@fs/C:/Users/Admin/OneDrive/Documents/CityConnectDesk%20new/CityConnectDesk/shared/admin-schema.ts Accept:*/*
[DEV REQUEST] GET /src/components/ui/card.tsx Accept:*/*
[DEV REQUEST] GET /src/components/ui/button.tsx Accept:*/*
[DEV REQUEST] GET /src/components/ui/input.tsx Accept:*/*
[DEV REQUEST] GET /src/components/ui/label.tsx Accept:*/*
[DEV REQUEST] GET /src/components/ui/textarea.tsx Accept:*/*
[DEV REQUEST] GET /src/components/ui/badge.tsx Accept:*/*
[DEV REQUEST] GET /src/components/admin/ArtisanRequestsPanel.tsx Accept:*/*
[DEV REQUEST] GET /src/components/ui/table.tsx Accept:*/*
[DEV REQUEST] GET /src/components/ui/select.tsx Accept:*/*
[DEV REQUEST] GET /src/components/ui/dialog.tsx Accept:*/*
[DEV REQUEST] GET /src/components/ui/form.tsx Accept:*/*
[DEV REQUEST] GET /src/components/ui/popover.tsx Accept:*/*
[DEV REQUEST] GET /src/components/ui/checkbox.tsx Accept:*/*
[DEV REQUEST] GET /src/components/ui/scroll-area.tsx Accept:*/*
[DEV REQUEST] GET /src/components/ui/password-input.tsx Accept:*/*
[DEV REQUEST] GET /src/components/ui/tabs.tsx Accept:*/*
[DEV REQUEST] GET /src/components/ui/separator.tsx Accept:*/*
[DEV REQUEST] GET /src/components/ui/sheet.tsx Accept:*/*
[DEV REQUEST] GET /src/components/ui/collapsible.tsx Accept:*/*
[DEV REQUEST] GET /src/components/ui/switch.tsx Accept:*/*
[DEV REQUEST] GET /src/lib/residentApi.ts Accept:*/*
[DEV REQUEST] GET /@fs/C:/Users/Admin/OneDrive/Documents/CityConnectDesk%20new/CityConnectDesk/node_modules/.vite/deps/react_jsx-dev-runtime.js.map Accept:
[DEV REQUEST] GET /@fs/C:/Users/Admin/OneDrive/Documents/CityConnectDesk%20new/CityConnectDesk/node_modules/.vite/deps/chunk-QCHXOAYK.js.map Accept:
[DEV REQUEST] GET /@fs/C:/Users/Admin/OneDrive/Documents/CityConnectDesk%20new/CityConnectDesk/node_modules/.vite/deps/chunk-WOOG5QLI.js.map Accept:
[DEV REQUEST] GET /@fs/C:/Users/Admin/OneDrive/Documents/CityConnectDesk%20new/CityConnectDesk/node_modules/.vite/deps/react-dom_client.js.map Accept:
[DEV REQUEST] GET /@fs/C:/Users/Admin/OneDrive/Documents/CityConnectDesk%20new/CityConnectDesk/node_modules/.vite/deps/chunk-RPCDYKBN.js.map Accept:
[DEV REQUEST] GET /@fs/C:/Users/Admin/OneDrive/Documents/CityConnectDesk%20new/CityConnectDesk/node_modules/.vite/deps/wouter.js.map Accept:
[DEV REQUEST] GET /@fs/C:/Users/Admin/OneDrive/Documents/CityConnectDesk%20new/CityConnectDesk/node_modules/.vite/deps/@tanstack_react-query.js.map Accept:
[DEV REQUEST] GET /@fs/C:/Users/Admin/OneDrive/Documents/CityConnectDesk%20new/CityConnectDesk/node_modules/.vite/deps/chunk-KBTYAULA.js.map Accept:
[DEV REQUEST] GET /@fs/C:/Users/Admin/OneDrive/Documents/CityConnectDesk%20new/CityConnectDesk/node_modules/.vite/deps/react.js.map Accept:
[DEV REQUEST] GET /@fs/C:/Users/Admin/OneDrive/Documents/CityConnectDesk%20new/CityConnectDesk/node_modules/.vite/deps/@radix-ui_react-toast.js.map Accept:
[DEV REQUEST] GET /@fs/C:/Users/Admin/OneDrive/Documents/CityConnectDesk%20new/CityConnectDesk/node_modules/.vite/deps/chunk-HQYEOXEV.js.map Accept:
[DEV REQUEST] GET /@fs/C:/Users/Admin/OneDrive/Documents/CityConnectDesk%20new/CityConnectDesk/node_modules/.vite/deps/chunk-S34NKWM7.js.map Accept:
[DEV REQUEST] GET /@fs/C:/Users/Admin/OneDrive/Documents/CityConnectDesk%20new/CityConnectDesk/node_modules/.vite/deps/chunk-EVLBUYTV.js.map Accept:
[DEV REQUEST] GET /@fs/C:/Users/Admin/OneDrive/Documents/CityConnectDesk%20new/CityConnectDesk/node_modules/.vite/deps/chunk-R5YVGTHA.js.map Accept:
9:45:42 AM [web] GET /api/user 401 in 4ms
[DEV REQUEST] GET /@fs/C:/Users/Admin/OneDrive/Documents/CityConnectDesk%20new/CityConnectDesk/node_modules/.vite/deps/chunk-BOL2CCOG.js.map Accept:
[DEV REQUEST] GET /@fs/C:/Users/Admin/OneDrive/Documents/CityConnectDesk%20new/CityConnectDesk/node_modules/.vite/deps/chunk-K3ALYHUQ.js.map Accept:
[DEV REQUEST] GET /@fs/C:/Users/Admin/OneDrive/Documents/CityConnectDesk%20new/CityConnectDesk/node_modules/.vite/deps/chunk-B7WSUEX4.js.map Accept:
[DEV REQUEST] GET /@fs/C:/Users/Admin/OneDrive/Documents/CityConnectDesk%20new/CityConnectDesk/node_modules/.vite/deps/chunk-INQXXDYO.js.map Accept:
[DEV REQUEST] GET /@fs/C:/Users/Admin/OneDrive/Documents/CityConnectDesk%20new/CityConnectDesk/node_modules/.vite/deps/class-variance-authority.js.map Accept:
[DEV REQUEST] GET /@fs/C:/Users/Admin/OneDrive/Documents/CityConnectDesk%20new/CityConnectDesk/node_modules/.vite/deps/chunk-U7P2NEEE.js.map Accept:
[DEV REQUEST] GET /@fs/C:/Users/Admin/OneDrive/Documents/CityConnectDesk%20new/CityConnectDesk/node_modules/.vite/deps/lucide-react.js.map Accept:
[DEV REQUEST] GET /@fs/C:/Users/Admin/OneDrive/Documents/CityConnectDesk%20new/CityConnectDesk/node_modules/.vite/deps/clsx.js.map Accept:
[DEV REQUEST] GET /@fs/C:/Users/Admin/OneDrive/Documents/CityConnectDesk%20new/CityConnectDesk/node_modules/.vite/deps/tailwind-merge.js.map Accept:
[DEV REQUEST] GET /@fs/C:/Users/Admin/OneDrive/Documents/CityConnectDesk%20new/CityConnectDesk/node_modules/.vite/deps/@radix-ui_react-tooltip.js.map Accept:
[DEV REQUEST] GET /@fs/C:/Users/Admin/OneDrive/Documents/CityConnectDesk%20new/CityConnectDesk/node_modules/.vite/deps/chunk-A5GOC4LA.js.map Accept:
[DEV REQUEST] GET /@fs/C:/Users/Admin/OneDrive/Documents/CityConnectDesk%20new/CityConnectDesk/node_modules/.vite/deps/chunk-3ZATYDQH.js.map Accept:
[DEV REQUEST] GET /@fs/C:/Users/Admin/OneDrive/Documents/CityConnectDesk%20new/CityConnectDesk/node_modules/.vite/deps/chunk-EM3JYNSQ.js.map Accept:
[DEV REQUEST] GET /@fs/C:/Users/Admin/OneDrive/Documents/CityConnectDesk%20new/CityConnectDesk/node_modules/.vite/deps/drizzle-orm.js.map Accept:
[DEV REQUEST] GET /@fs/C:/Users/Admin/OneDrive/Documents/CityConnectDesk%20new/CityConnectDesk/node_modules/.vite/deps/chunk-B62XNPVF.js.map Accept:
[DEV REQUEST] GET /@fs/C:/Users/Admin/OneDrive/Documents/CityConnectDesk%20new/CityConnectDesk/node_modules/.vite/deps/chunk-37IGQLUV.js.map Accept:
[DEV REQUEST] GET /@fs/C:/Users/Admin/OneDrive/Documents/CityConnectDesk%20new/CityConnectDesk/node_modules/.vite/deps/drizzle-orm_pg-core.js.map Accept:
[DEV REQUEST] GET /@fs/C:/Users/Admin/OneDrive/Documents/CityConnectDesk%20new/CityConnectDesk/node_modules/.vite/deps/drizzle-zod.js.map Accept:
[DEV REQUEST] GET /@fs/C:/Users/Admin/OneDrive/Documents/CityConnectDesk%20new/CityConnectDesk/node_modules/.vite/deps/chunk-WGQNECLP.js.map Accept:
[DEV REQUEST] GET /@fs/C:/Users/Admin/OneDrive/Documents/CityConnectDesk%20new/CityConnectDesk/node_modules/.vite/deps/zod.js.map Accept:
[DEV REQUEST] GET /@fs/C:/Users/Admin/OneDrive/Documents/CityConnectDesk%20new/CityConnectDesk/node_modules/.vite/deps/react-hook-form.js.map Accept:
[DEV REQUEST] GET /@fs/C:/Users/Admin/OneDrive/Documents/CityConnectDesk%20new/CityConnectDesk/node_modules/.vite/deps/chunk-4BFJKWC4.js.map Accept:
[DEV REQUEST] GET /@fs/C:/Users/Admin/OneDrive/Documents/CityConnectDesk%20new/CityConnectDesk/node_modules/.vite/deps/@hookform_resolvers_zod.js.map Accept:
[DEV REQUEST] GET /@fs/C:/Users/Admin/OneDrive/Documents/CityConnectDesk%20new/CityConnectDesk/node_modules/.vite/deps/@radix-ui_react-slot.js.map Accept:
[DEV REQUEST] GET /@fs/C:/Users/Admin/OneDrive/Documents/CityConnectDesk%20new/CityConnectDesk/node_modules/.vite/deps/@radix-ui_react-label.js.map Accept:
[DEV REQUEST] GET /@fs/C:/Users/Admin/OneDrive/Documents/CityConnectDesk%20new/CityConnectDesk/node_modules/.vite/deps/@radix-ui_react-select.js.map Accept:
[DEV REQUEST] GET /@fs/C:/Users/Admin/OneDrive/Documents/CityConnectDesk%20new/CityConnectDesk/node_modules/.vite/deps/chunk-6ZMM2PAV.js.map Accept:
[DEV REQUEST] GET /@fs/C:/Users/Admin/OneDrive/Documents/CityConnectDesk%20new/CityConnectDesk/node_modules/.vite/deps/chunk-4RO2SXZU.js.map Accept:
[DEV REQUEST] GET /@fs/C:/Users/Admin/OneDrive/Documents/CityConnectDesk%20new/CityConnectDesk/node_modules/.vite/deps/chunk-43G6IMPT.js.map Accept:
[DEV REQUEST] GET /@fs/C:/Users/Admin/OneDrive/Documents/CityConnectDesk%20new/CityConnectDesk/node_modules/.vite/deps/chunk-MQM2T74V.js.map Accept:
[DEV REQUEST] GET /@fs/C:/Users/Admin/OneDrive/Documents/CityConnectDesk%20new/CityConnectDesk/node_modules/.vite/deps/@radix-ui_react-dialog.js.map Accept:
[DEV REQUEST] GET /@fs/C:/Users/Admin/OneDrive/Documents/CityConnectDesk%20new/CityConnectDesk/node_modules/.vite/deps/@radix-ui_react-popover.js.map Accept:
[DEV REQUEST] GET /@fs/C:/Users/Admin/OneDrive/Documents/CityConnectDesk%20new/CityConnectDesk/node_modules/.vite/deps/@radix-ui_react-checkbox.js.map Accept:
[DEV REQUEST] GET /@fs/C:/Users/Admin/OneDrive/Documents/CityConnectDesk%20new/CityConnectDesk/node_modules/.vite/deps/@radix-ui_react-scroll-area.js.map Accept:
[DEV REQUEST] GET /@fs/C:/Users/Admin/OneDrive/Documents/CityConnectDesk%20new/CityConnectDesk/node_modules/.vite/deps/framer-motion.js.map Accept:
[DEV REQUEST] GET /@fs/C:/Users/Admin/OneDrive/Documents/CityConnectDesk%20new/CityConnectDesk/node_modules/.vite/deps/@radix-ui_react-tabs.js.map Accept:
[DEV REQUEST] GET /@fs/C:/Users/Admin/OneDrive/Documents/CityConnectDesk%20new/CityConnectDesk/node_modules/.vite/deps/@radix-ui_react-separator.js.map Accept:
[DEV REQUEST] GET /@fs/C:/Users/Admin/OneDrive/Documents/CityConnectDesk%20new/CityConnectDesk/node_modules/.vite/deps/@radix-ui_react-collapsible.js.map Accept:
[DEV REQUEST] GET /@fs/C:/Users/Admin/OneDrive/Documents/CityConnectDesk%20new/CityConnectDesk/node_modules/.vite/deps/@radix-ui_react-switch.js.map Accept:
