[dotenv@17.2.3] injecting env (3) from .env.local -- tip: 📡 add observability to secrets: https://dotenvx.com/ops
[DB] Using postgresql://postgres:****@localhost:5432/cityconnectdesk
[DB] Host: localhost  Database: cityconnectdesk
[DB] URL present: true length: 63
12:03:34 AM [web] [DB] Schema guard OK
12:03:34 AM [web] serving on port 5000
12:03:46 AM [web] POST /api/login 400 in 7ms
12:05:16 AM [web] POST /api/login 200 in 121ms :: {"id":"c110c6c0-f752-4a2d-9170-0b1615a035d6","n...
12:05:16 AM [web] GET /api/user 200 in 7ms :: {"id":"c110c6c0-f752-4a2d-9170-0b1615a035d6","name"...
12:07:36 AM [web] POST /api/login 200 in 120ms :: {"id":"c110c6c0-f752-4a2d-9170-0b1615a035d6","n...
12:07:36 AM [web] GET /api/user 200 in 5ms :: {"id":"c110c6c0-f752-4a2d-9170-0b1615a035d6","name"...
12:08:01 AM [web] GET /api/user 401 in 2ms
12:08:15 AM [web] POST /api/login 200 in 146ms :: {"id":"c110c6c0-f752-4a2d-9170-0b1615a035d6","n...
12:08:16 AM [web] POST /api/login 200 in 56ms :: {"id":"c110c6c0-f752-4a2d-9170-0b1615a035d6","na...
12:08:26 AM [web] POST /api/login 200 in 63ms :: {"id":"c110c6c0-f752-4a2d-9170-0b1615a035d6","na...
12:08:44 AM [web] POST /api/login 200 in 136ms :: {"id":"c110c6c0-f752-4a2d-9170-0b1615a035d6","n...
12:08:51 AM [web] POST /api/login 200 in 64ms :: {"id":"c110c6c0-f752-4a2d-9170-0b1615a035d6","na...
12:08:52 AM [web] POST /api/login 200 in 66ms :: {"id":"c110c6c0-f752-4a2d-9170-0b1615a035d6","na...
12:18:53 AM [web] POST /api/login 200 in 136ms :: {"id":"c110c6c0-f752-4a2d-9170-0b1615a035d6","n...
12:18:54 AM [web] GET /api/admin/users/all 200 in 96ms
12:18:54 AM [web] GET /api/admin/dashboard/stats 200 in 100ms
Browserslist: browsers data (caniuse-lite) is 13 months old. Please run:
  npx update-browserslist-db@latest
  Why you should do it regularly: https://github.com/browserslist/update-db#readme
12:18:59 AM [web] GET /api/admin/users/all 200 in 9ms
12:19:04 AM [web] GET /api/admin/users/all 200 in 9ms
12:19:09 AM [web] GET /api/admin/users/all 200 in 4ms
12:19:13 AM [web] POST /api/login 200 in 112ms :: {"id":"c110c6c0-f752-4a2d-9170-0b1615a035d6","n...
12:19:20 AM [web] POST /api/login 200 in 72ms :: {"id":"c110c6c0-f752-4a2d-9170-0b1615a035d6","na...
12:19:20 AM [web] POST /api/login 200 in 70ms :: {"id":"c110c6c0-f752-4a2d-9170-0b1615a035d6","na...
12:19:21 AM [web] POST /api/login 200 in 55ms :: {"id":"c110c6c0-f752-4a2d-9170-0b1615a035d6","na...
[2m00:23:16[22m [36m[1m[vite][22m[39m [32mhmr update [39m[2m/src/pages/admin-super-dashboard.tsx, /src/index.css?v=_5wDZGJD0IPjMOW0b1Hmg[22m
12:23:28 AM [web] POST /api/login 200 in 115ms :: {"id":"c110c6c0-f752-4a2d-9170-0b1615a035d6","n...
12:23:28 AM [web] GET /api/user 200 in 7ms :: {"id":"c110c6c0-f752-4a2d-9170-0b1615a035d6","name"...
12:23:38 AM [web] POST /api/login 200 in 49ms :: {"id":"c110c6c0-f752-4a2d-9170-0b1615a035d6","na...
12:23:38 AM [web] GET /api/user 200 in 4ms :: {"id":"c110c6c0-f752-4a2d-9170-0b1615a035d6","name"...
12:28:30 AM [web] POST /api/login 200 in 148ms :: {"id":"c110c6c0-f752-4a2d-9170-0b1615a035d6","n...
12:34:22 AM [web] GET /api/user 401 in 2ms
12:34:54 AM [web] GET /api/user 401 in 1ms
12:34:57 AM [web] POST /api/login 200 in 112ms :: {"id":"c110c6c0-f752-4a2d-9170-0b1615a035d6","n...
6:47:57 AM [web] POST /api/login 200 in 147ms :: {"id":"c110c6c0-f752-4a2d-9170-0b1615a035d6","n...
[2m06:50:21[22m [36m[1m[vite][22m[39m [32mhmr update [39m[2m/src/pages/admin-super-dashboard.tsx, /src/index.css?v=_5wDZGJD0IPjMOW0b1Hmg[22m
6:54:10 AM [web] GET /api/user 401 in 1ms
6:54:13 AM [web] POST /api/login 200 in 110ms :: {"id":"c110c6c0-f752-4a2d-9170-0b1615a035d6","n...
6:55:00 AM [web] GET /api/user 200 in 81ms :: {"id":"c110c6c0-f752-4a2d-9170-0b1615a035d6","name...
6:55:01 AM [web] GET /api/admin/users/all 200 in 41ms
6:55:01 AM [web] GET /api/admin/dashboard/stats 200 in 52ms
6:55:06 AM [web] GET /api/admin/users/all 200 in 10ms
6:55:11 AM [web] GET /api/admin/users/all 200 in 5ms
6:55:16 AM [web] GET /api/admin/users/all 200 in 5ms
6:55:21 AM [web] GET /api/admin/users/all 200 in 15ms
6:55:24 AM [web] POST /api/login 200 in 132ms :: {"id":"c110c6c0-f752-4a2d-9170-0b1615a035d6","n...
6:56:55 AM [web] POST /api/login 200 in 112ms :: {"id":"c110c6c0-f752-4a2d-9170-0b1615a035d6","n...
