
> rest-express@1.0.0 dev
> cross-env NODE_ENV=development tsx server/index.ts

[dotenv@17.2.3] injecting env (5) from .env.local -- tip: 🔐 prevent building .env in docker: https://dotenvx.com/prebuild
[DB] Using postgresql://postgres:****@localhost:5432/cityconnectdesk
[DB] Host: localhost  Database: cityconnectdesk
[DB] URL present: true length: 63
7:41:03 AM [web] [DB] Schema guard OK
7:41:04 AM [web] serving on port 5000
[DEV REQUEST] GET /admin-dashboard Accept:text/html,application/xhtml+xml,application/xml;q=0.9,image/avif,image/webp,image/apng,*/*;q=0.8,application/signed-exchange;v=b3;q=0.7
[DEV REQUEST] GET /@vite/client Accept:*/*
[DEV REQUEST] GET /@fs/C:/Users/Admin/OneDrive/Documents/CityConnectDesk%20new/CityConnectDesk/node_modules/vite/dist/client/env.mjs Accept:*/*
[DEV REQUEST] GET /@react-refresh Accept:*/*
[DEV REQUEST] GET /src/main.tsx?v=3bndi6ikbXCa0n3g259VQ Accept:*/*
[DEV REQUEST] GET /@fs/C:/Users/Admin/OneDrive/Documents/CityConnectDesk%20new/CityConnectDesk/node_modules/.vite/deps/react_jsx-dev-runtime.js?v=a7fe89be Accept:*/*
[DEV REQUEST] GET /@fs/C:/Users/Admin/OneDrive/Documents/CityConnectDesk%20new/CityConnectDesk/node_modules/.vite/deps/react-dom_client.js?v=a7fe89be Accept:*/*
[DEV REQUEST] GET /src/index.css?v=3bndi6ikbXCa0n3g259VQ Accept:*/*
[DEV REQUEST] GET /@fs/C:/Users/Admin/OneDrive/Documents/CityConnectDesk%20new/CityConnectDesk/node_modules/.vite/deps/chunk-QCHXOAYK.js?v=a7fe89be Accept:*/*
[DEV REQUEST] GET /@fs/C:/Users/Admin/OneDrive/Documents/CityConnectDesk%20new/CityConnectDesk/node_modules/.vite/deps/chunk-WOOG5QLI.js?v=a7fe89be Accept:*/*
[DEV REQUEST] GET /@fs/C:/Users/Admin/OneDrive/Documents/CityConnectDesk%20new/CityConnectDesk/node_modules/.vite/deps/chunk-RPCDYKBN.js?v=a7fe89be Accept:*/*
[DEV REQUEST] GET /src/App.tsx?v=3bndi6ikbXCa0n3g259VQ Accept:*/*
[DEV REQUEST] GET /@fs/C:/Users/Admin/OneDrive/Documents/CityConnectDesk%20new/CityConnectDesk/node_modules/.vite/deps/wouter.js?v=a7fe89be Accept:*/*
[DEV REQUEST] GET /src/lib/queryClient.ts Accept:*/*
[DEV REQUEST] GET /@fs/C:/Users/Admin/OneDrive/Documents/CityConnectDesk%20new/CityConnectDesk/node_modules/.vite/deps/@tanstack_react-query.js?v=a7fe89be Accept:*/*
[DEV REQUEST] GET /src/lib/protected-route.tsx Accept:*/*
[DEV REQUEST] GET /src/pages/admin-super-dashboard.tsx Accept:*/*
[DEV REQUEST] GET /src/pages/landing-page.tsx Accept:*/*
[DEV REQUEST] GET /src/pages/auth-page.tsx Accept:*/*
[DEV REQUEST] GET /src/pages/resident-dashboard.tsx Accept:*/*
[DEV REQUEST] GET /src/pages/provider-dashboard.tsx Accept:*/*
[DEV REQUEST] GET /src/pages/provider-company-registration.tsx Accept:*/*
[DEV REQUEST] GET /src/pages/provider-store-items.tsx Accept:*/*
[DEV REQUEST] GET /src/pages/admin-dashboard.tsx Accept:*/*
[DEV REQUEST] GET /src/pages/book-artisan.tsx Accept:*/*
[DEV REQUEST] GET /src/pages/book-market-run.tsx Accept:*/*
[DEV REQUEST] GET /src/pages/track-orders.tsx Accept:*/*
[DEV REQUEST] GET /src/pages/not-found.tsx Accept:*/*
[DEV REQUEST] GET /@fs/C:/Users/Admin/OneDrive/Documents/CityConnectDesk%20new/CityConnectDesk/node_modules/.vite/deps/chunk-KBTYAULA.js?v=a7fe89be Accept:*/*
[DEV REQUEST] GET /@fs/C:/Users/Admin/OneDrive/Documents/CityConnectDesk%20new/CityConnectDesk/node_modules/.vite/deps/lucide-react.js?v=a7fe89be Accept:*/*
[DEV REQUEST] GET /@fs/C:/Users/Admin/OneDrive/Documents/CityConnectDesk%20new/CityConnectDesk/node_modules/.vite/deps/react.js?v=a7fe89be Accept:*/*
[DEV REQUEST] GET /src/components/ui/button.tsx Accept:*/*
[DEV REQUEST] GET /@fs/C:/Users/Admin/OneDrive/Documents/CityConnectDesk%20new/CityConnectDesk/node_modules/.vite/deps/framer-motion.js?v=a7fe89be Accept:*/*
[DEV REQUEST] GET /src/lib/adminApi.ts Accept:*/*
[DEV REQUEST] GET /src/hooks/use-toast.ts Accept:*/*
[DEV REQUEST] GET /@fs/C:/Users/Admin/OneDrive/Documents/CityConnectDesk%20new/CityConnectDesk/node_modules/.vite/deps/react-hook-form.js?v=a7fe89be Accept:*/*
[DEV REQUEST] GET /src/hooks/use-auth.tsx Accept:*/*
[DEV REQUEST] GET /@fs/C:/Users/Admin/OneDrive/Documents/CityConnectDesk%20new/CityConnectDesk/node_modules/.vite/deps/@hookform_resolvers_zod.js?v=a7fe89be Accept:*/*
[DEV REQUEST] GET /@fs/C:/Users/Admin/OneDrive/Documents/CityConnectDesk%20new/CityConnectDesk/shared/admin-schema.ts Accept:*/*
[DEV REQUEST] GET /src/components/ui/toaster.tsx Accept:*/*
[DEV REQUEST] GET /src/components/ui/tooltip.tsx Accept:*/*
[DEV REQUEST] GET /src/components/ui/card.tsx Accept:*/*
[DEV REQUEST] GET /src/components/ui/input.tsx Accept:*/*
[DEV REQUEST] GET /src/components/ui/label.tsx Accept:*/*
[DEV REQUEST] GET /src/components/ui/textarea.tsx Accept:*/*
[DEV REQUEST] GET /src/components/ui/badge.tsx Accept:*/*
[DEV REQUEST] GET /src/components/admin/ArtisanRequestsPanel.tsx Accept:*/*
[DEV REQUEST] GET /src/components/ui/table.tsx Accept:*/*
[DEV REQUEST] GET /src/components/ui/select.tsx Accept:*/*
[DEV REQUEST] GET /src/components/ui/dialog.tsx Accept:*/*
[DEV REQUEST] GET /src/components/ui/form.tsx Accept:*/*
[DEV REQUEST] GET /src/components/ui/popover.tsx Accept:*/*
[DEV REQUEST] GET /src/components/ui/checkbox.tsx Accept:*/*
[DEV REQUEST] GET /src/components/ui/scroll-area.tsx Accept:*/*
[DEV REQUEST] GET /src/components/ui/password-input.tsx Accept:*/*
[DEV REQUEST] GET /src/components/ui/tabs.tsx Accept:*/*
[DEV REQUEST] GET /src/components/ui/separator.tsx Accept:*/*
[DEV REQUEST] GET /@fs/C:/Users/Admin/OneDrive/Documents/CityConnectDesk%20new/CityConnectDesk/node_modules/.vite/deps/zod.js?v=a7fe89be Accept:*/*
[DEV REQUEST] GET /src/components/ui/sheet.tsx Accept:*/*
[DEV REQUEST] GET /src/components/ui/collapsible.tsx Accept:*/*
[DEV REQUEST] GET /src/components/ui/switch.tsx Accept:*/*
[DEV REQUEST] GET /src/lib/residentApi.ts Accept:*/*
[DEV REQUEST] GET /@fs/C:/Users/Admin/OneDrive/Documents/CityConnectDesk%20new/CityConnectDesk/node_modules/.vite/deps/@radix-ui_react-slot.js?v=a7fe89be Accept:*/*
[DEV REQUEST] GET /@fs/C:/Users/Admin/OneDrive/Documents/CityConnectDesk%20new/CityConnectDesk/node_modules/.vite/deps/class-variance-authority.js?v=a7fe89be Accept:*/*
[DEV REQUEST] GET /src/lib/utils.ts Accept:*/*
[DEV REQUEST] GET /@fs/C:/Users/Admin/OneDrive/Documents/CityConnectDesk%20new/CityConnectDesk/node_modules/.vite/deps/chunk-4BFJKWC4.js?v=a7fe89be Accept:*/*
[DEV REQUEST] GET /@fs/C:/Users/Admin/OneDrive/Documents/CityConnectDesk%20new/CityConnectDesk/shared/schema.ts Accept:*/*
[DEV REQUEST] GET /src/components/ui/toast.tsx Accept:*/*
[DEV REQUEST] GET /@fs/C:/Users/Admin/OneDrive/Documents/CityConnectDesk%20new/CityConnectDesk/node_modules/.vite/deps/@radix-ui_react-tooltip.js?v=a7fe89be Accept:*/*
[DEV REQUEST] GET /@fs/C:/Users/Admin/OneDrive/Documents/CityConnectDesk%20new/CityConnectDesk/node_modules/.vite/deps/@radix-ui_react-label.js?v=a7fe89be Accept:*/*
[DEV REQUEST] GET /@fs/C:/Users/Admin/OneDrive/Documents/CityConnectDesk%20new/CityConnectDesk/node_modules/.vite/deps/@radix-ui_react-select.js?v=a7fe89be Accept:*/*
[DEV REQUEST] GET /@fs/C:/Users/Admin/OneDrive/Documents/CityConnectDesk%20new/CityConnectDesk/node_modules/.vite/deps/@radix-ui_react-dialog.js?v=a7fe89be Accept:*/*
[DEV REQUEST] GET /@fs/C:/Users/Admin/OneDrive/Documents/CityConnectDesk%20new/CityConnectDesk/node_modules/.vite/deps/@radix-ui_react-popover.js?v=a7fe89be Accept:*/*
[DEV REQUEST] GET /@fs/C:/Users/Admin/OneDrive/Documents/CityConnectDesk%20new/CityConnectDesk/node_modules/.vite/deps/@radix-ui_react-checkbox.js?v=a7fe89be Accept:*/*
[DEV REQUEST] GET /@fs/C:/Users/Admin/OneDrive/Documents/CityConnectDesk%20new/CityConnectDesk/node_modules/.vite/deps/@radix-ui_react-scroll-area.js?v=a7fe89be Accept:*/*
[DEV REQUEST] GET /@fs/C:/Users/Admin/OneDrive/Documents/CityConnectDesk%20new/CityConnectDesk/node_modules/.vite/deps/@radix-ui_react-tabs.js?v=a7fe89be Accept:*/*
[DEV REQUEST] GET /@fs/C:/Users/Admin/OneDrive/Documents/CityConnectDesk%20new/CityConnectDesk/node_modules/.vite/deps/@radix-ui_react-separator.js?v=a7fe89be Accept:*/*
[DEV REQUEST] GET /@fs/C:/Users/Admin/OneDrive/Documents/CityConnectDesk%20new/CityConnectDesk/node_modules/.vite/deps/chunk-WGQNECLP.js?v=a7fe89be Accept:*/*
[DEV REQUEST] GET /@fs/C:/Users/Admin/OneDrive/Documents/CityConnectDesk%20new/CityConnectDesk/node_modules/.vite/deps/@radix-ui_react-collapsible.js?v=a7fe89be Accept:*/*
[DEV REQUEST] GET /@fs/C:/Users/Admin/OneDrive/Documents/CityConnectDesk%20new/CityConnectDesk/node_modules/.vite/deps/@radix-ui_react-switch.js?v=a7fe89be Accept:*/*
[DEV REQUEST] GET /@fs/C:/Users/Admin/OneDrive/Documents/CityConnectDesk%20new/CityConnectDesk/node_modules/.vite/deps/chunk-EVLBUYTV.js?v=a7fe89be Accept:*/*
[DEV REQUEST] GET /@fs/C:/Users/Admin/OneDrive/Documents/CityConnectDesk%20new/CityConnectDesk/node_modules/.vite/deps/chunk-U7P2NEEE.js?v=a7fe89be Accept:*/*
[DEV REQUEST] GET /@fs/C:/Users/Admin/OneDrive/Documents/CityConnectDesk%20new/CityConnectDesk/node_modules/.vite/deps/clsx.js?v=a7fe89be Accept:*/*
[DEV REQUEST] GET /@fs/C:/Users/Admin/OneDrive/Documents/CityConnectDesk%20new/CityConnectDesk/node_modules/.vite/deps/tailwind-merge.js?v=a7fe89be Accept:*/*
[DEV REQUEST] GET /@fs/C:/Users/Admin/OneDrive/Documents/CityConnectDesk%20new/CityConnectDesk/node_modules/.vite/deps/drizzle-orm.js?v=a7fe89be Accept:*/*
[DEV REQUEST] GET /@fs/C:/Users/Admin/OneDrive/Documents/CityConnectDesk%20new/CityConnectDesk/node_modules/.vite/deps/drizzle-orm_pg-core.js?v=a7fe89be Accept:*/*
[DEV REQUEST] GET /@fs/C:/Users/Admin/OneDrive/Documents/CityConnectDesk%20new/CityConnectDesk/node_modules/.vite/deps/drizzle-zod.js?v=a7fe89be Accept:*/*
[DEV REQUEST] GET /@fs/C:/Users/Admin/OneDrive/Documents/CityConnectDesk%20new/CityConnectDesk/node_modules/.vite/deps/@radix-ui_react-toast.js?v=a7fe89be Accept:*/*
[DEV REQUEST] GET /@fs/C:/Users/Admin/OneDrive/Documents/CityConnectDesk%20new/CityConnectDesk/node_modules/.vite/deps/chunk-A5GOC4LA.js?v=a7fe89be Accept:*/*
[DEV REQUEST] GET /@fs/C:/Users/Admin/OneDrive/Documents/CityConnectDesk%20new/CityConnectDesk/node_modules/.vite/deps/chunk-3ZATYDQH.js?v=a7fe89be Accept:*/*
[DEV REQUEST] GET /@fs/C:/Users/Admin/OneDrive/Documents/CityConnectDesk%20new/CityConnectDesk/node_modules/.vite/deps/chunk-R5YVGTHA.js?v=a7fe89be Accept:*/*
[DEV REQUEST] GET /@fs/C:/Users/Admin/OneDrive/Documents/CityConnectDesk%20new/CityConnectDesk/node_modules/.vite/deps/chunk-K3ALYHUQ.js?v=a7fe89be Accept:*/*
[DEV REQUEST] GET /@fs/C:/Users/Admin/OneDrive/Documents/CityConnectDesk%20new/CityConnectDesk/node_modules/.vite/deps/chunk-EM3JYNSQ.js?v=a7fe89be Accept:*/*
[DEV REQUEST] GET /@fs/C:/Users/Admin/OneDrive/Documents/CityConnectDesk%20new/CityConnectDesk/node_modules/.vite/deps/chunk-B7WSUEX4.js?v=a7fe89be Accept:*/*
[DEV REQUEST] GET /@fs/C:/Users/Admin/OneDrive/Documents/CityConnectDesk%20new/CityConnectDesk/node_modules/.vite/deps/chunk-INQXXDYO.js?v=a7fe89be Accept:*/*
[DEV REQUEST] GET /@fs/C:/Users/Admin/OneDrive/Documents/CityConnectDesk%20new/CityConnectDesk/node_modules/.vite/deps/chunk-S34NKWM7.js?v=a7fe89be Accept:*/*
[DEV REQUEST] GET /@fs/C:/Users/Admin/OneDrive/Documents/CityConnectDesk%20new/CityConnectDesk/node_modules/.vite/deps/chunk-BOL2CCOG.js?v=a7fe89be Accept:*/*
[DEV REQUEST] GET /@fs/C:/Users/Admin/OneDrive/Documents/CityConnectDesk%20new/CityConnectDesk/node_modules/.vite/deps/chunk-6ZMM2PAV.js?v=a7fe89be Accept:*/*
[DEV REQUEST] GET /@fs/C:/Users/Admin/OneDrive/Documents/CityConnectDesk%20new/CityConnectDesk/node_modules/.vite/deps/chunk-4RO2SXZU.js?v=a7fe89be Accept:*/*
[DEV REQUEST] GET /@fs/C:/Users/Admin/OneDrive/Documents/CityConnectDesk%20new/CityConnectDesk/node_modules/.vite/deps/chunk-43G6IMPT.js?v=a7fe89be Accept:*/*
[DEV REQUEST] GET /@fs/C:/Users/Admin/OneDrive/Documents/CityConnectDesk%20new/CityConnectDesk/node_modules/.vite/deps/chunk-HQYEOXEV.js?v=a7fe89be Accept:*/*
[DEV REQUEST] GET /@fs/C:/Users/Admin/OneDrive/Documents/CityConnectDesk%20new/CityConnectDesk/node_modules/.vite/deps/chunk-MQM2T74V.js?v=a7fe89be Accept:*/*
[DEV REQUEST] GET /@fs/C:/Users/Admin/OneDrive/Documents/CityConnectDesk%20new/CityConnectDesk/node_modules/.vite/deps/chunk-B62XNPVF.js?v=a7fe89be Accept:*/*
[DEV REQUEST] GET /@fs/C:/Users/Admin/OneDrive/Documents/CityConnectDesk%20new/CityConnectDesk/node_modules/.vite/deps/chunk-37IGQLUV.js?v=a7fe89be Accept:*/*
7:45:29 AM [web] GET /api/user 200 in 7ms :: {"id":"c110c6c0-f752-4a2d-9170-0b1615a035d6","name"...
[admin] users list request {
  requester: 'c110c6c0-f752-4a2d-9170-0b1615a035d6',
  role: undefined,
  search: undefined
}
7:45:29 AM [web] GET /api/admin/users/all 200 in 44ms :: [{"id":"5d9c2019-b4b2-4a22-aa6c-61a1f74...
7:45:29 AM [web] GET /api/admin/dashboard/stats 200 in 70ms :: {"totalUsers":0,"totalProviders":...
7:45:29 AM [web] GET /api/admin/audit-logs 200 in 203ms :: []
7:45:29 AM [web] GET /api/admin/estates 200 in 217ms :: [{"id":"b45f4ce8-21fc-4960-9333-3e1a014f...
7:45:29 AM [web] GET /api/admin/bridge/stats 200 in 232ms :: {"users":{"totalResidents":3,"total...
7:45:29 AM [web] GET /api/admin/bridge/stats 304 in 12ms :: {"users":{"totalResidents":3,"totalP...
[DEV REQUEST] GET /favicon.ico Accept:image/avif,image/webp,image/apng,image/svg+xml,image/*,*/*;q=0.8
[DEV REQUEST] GET /admin-dashboard/dashboard Accept:text/html,application/xhtml+xml,application/xml;q=0.9,image/avif,image/webp,image/apng,*/*;q=0.8,application/signed-exchange;v=b3;q=0.7
[DEV REQUEST] GET /@vite/client Accept:*/*
[DEV REQUEST] GET /src/main.tsx?v=UczhqsGs63UBdezOE3qjq Accept:*/*
[DEV REQUEST] GET /src/App.tsx?v=UczhqsGs63UBdezOE3qjq Accept:*/*
[DEV REQUEST] GET /src/index.css?v=UczhqsGs63UBdezOE3qjq Accept:*/*
[DEV REQUEST] GET /src/lib/queryClient.ts Accept:*/*
[DEV REQUEST] GET /src/components/ui/toaster.tsx Accept:*/*
[DEV REQUEST] GET /src/components/ui/tooltip.tsx Accept:*/*
[DEV REQUEST] GET /src/hooks/use-auth.tsx Accept:*/*
[DEV REQUEST] GET /src/lib/protected-route.tsx Accept:*/*
[DEV REQUEST] GET /src/pages/admin-super-dashboard.tsx Accept:*/*
[DEV REQUEST] GET /src/pages/landing-page.tsx Accept:*/*
[DEV REQUEST] GET /src/pages/auth-page.tsx Accept:*/*
[DEV REQUEST] GET /src/pages/resident-dashboard.tsx Accept:*/*
[DEV REQUEST] GET /src/pages/provider-dashboard.tsx Accept:*/*
[DEV REQUEST] GET /src/pages/provider-company-registration.tsx Accept:*/*
[DEV REQUEST] GET /src/pages/provider-store-items.tsx Accept:*/*
[DEV REQUEST] GET /src/pages/admin-dashboard.tsx Accept:*/*
[DEV REQUEST] GET /src/pages/book-artisan.tsx Accept:*/*
[DEV REQUEST] GET /src/pages/book-market-run.tsx Accept:*/*
[DEV REQUEST] GET /src/pages/track-orders.tsx Accept:*/*
[DEV REQUEST] GET /src/pages/not-found.tsx Accept:*/*
[DEV REQUEST] GET /src/hooks/use-toast.ts Accept:*/*
[DEV REQUEST] GET /src/components/ui/toast.tsx Accept:*/*
[DEV REQUEST] GET /src/lib/utils.ts Accept:*/*
[DEV REQUEST] GET /@fs/C:/Users/Admin/OneDrive/Documents/CityConnectDesk%20new/CityConnectDesk/shared/schema.ts Accept:*/*
[DEV REQUEST] GET /src/components/ui/button.tsx Accept:*/*
[DEV REQUEST] GET /src/components/ui/card.tsx Accept:*/*
[DEV REQUEST] GET /src/components/ui/input.tsx Accept:*/*
[DEV REQUEST] GET /src/components/ui/password-input.tsx Accept:*/*
[DEV REQUEST] GET /src/components/ui/select.tsx Accept:*/*
[DEV REQUEST] GET /src/components/ui/tabs.tsx Accept:*/*
[DEV REQUEST] GET /src/components/ui/separator.tsx Accept:*/*
[DEV REQUEST] GET /@react-refresh Accept:*/*
[DEV REQUEST] GET /src/components/ui/form.tsx Accept:*/*
[DEV REQUEST] GET /src/components/ui/badge.tsx Accept:*/*
[DEV REQUEST] GET /src/components/ui/sheet.tsx Accept:*/*
[DEV REQUEST] GET /src/components/ui/label.tsx Accept:*/*
[DEV REQUEST] GET /src/components/ui/textarea.tsx Accept:*/*
[DEV REQUEST] GET /src/components/ui/collapsible.tsx Accept:*/*
[DEV REQUEST] GET /src/components/ui/dialog.tsx Accept:*/*
[DEV REQUEST] GET /src/lib/adminApi.ts Accept:*/*
[DEV REQUEST] GET /src/components/ui/switch.tsx Accept:*/*
[DEV REQUEST] GET /src/lib/residentApi.ts Accept:*/*
[DEV REQUEST] GET /@fs/C:/Users/Admin/OneDrive/Documents/CityConnectDesk%20new/CityConnectDesk/shared/admin-schema.ts Accept:*/*
[DEV REQUEST] GET /src/components/admin/ArtisanRequestsPanel.tsx Accept:*/*
[DEV REQUEST] GET /src/components/ui/table.tsx Accept:*/*
[DEV REQUEST] GET /src/components/ui/popover.tsx Accept:*/*
[DEV REQUEST] GET /src/components/ui/checkbox.tsx Accept:*/*
[DEV REQUEST] GET /src/components/ui/scroll-area.tsx Accept:*/*
[DEV REQUEST] GET /@fs/C:/Users/Admin/OneDrive/Documents/CityConnectDesk%20new/CityConnectDesk/node_modules/vite/dist/client/env.mjs Accept:*/*
7:46:32 AM [web] GET /api/user 304 in 4ms :: {"id":"c110c6c0-f752-4a2d-9170-0b1615a035d6","name"...
7:46:32 AM [web] GET /api/admin/dashboard/stats 304 in 35ms :: {"totalUsers":0,"totalProviders":...
[admin] users list request {
  requester: 'c110c6c0-f752-4a2d-9170-0b1615a035d6',
  role: undefined,
  search: undefined
}
7:46:33 AM [web] GET /api/admin/users/all 304 in 159ms :: [{"id":"5d9c2019-b4b2-4a22-aa6c-61a1f7...
7:46:33 AM [web] GET /api/admin/estates 304 in 159ms :: [{"id":"b45f4ce8-21fc-4960-9333-3e1a014f...
7:46:33 AM [web] GET /api/admin/audit-logs 304 in 169ms :: []
7:46:33 AM [web] GET /api/admin/bridge/stats 304 in 271ms :: {"users":{"totalResidents":3,"total...
7:46:33 AM [web] GET /api/admin/bridge/stats 304 in 8ms :: {"users":{"totalResidents":3,"totalPr...
